{"/home/travis/build/npmtest/node-npmtest-vue-router/test.js":{"path":"/home/travis/build/npmtest/node-npmtest-vue-router/test.js","s":{"1":2,"2":2,"3":2,"4":2,"5":2,"6":2,"7":2,"8":1,"9":2,"10":2,"11":1,"12":1,"13":1,"14":1,"15":2,"16":2,"17":2,"18":2,"19":1,"20":1,"21":2,"22":2,"23":2,"24":1,"25":1,"26":1,"27":1,"28":1,"29":1,"30":1,"31":1,"32":1,"33":1,"34":1,"35":1,"36":1,"37":1,"38":1,"39":2,"40":2,"41":1,"42":2,"43":2,"44":1,"45":2,"46":2,"47":1,"48":2,"49":2,"50":1,"51":1,"52":1,"53":1,"54":1},"b":{"1":[2,1,1,1],"2":[1,1,1,1],"3":[1,1],"4":[1,1],"5":[1,1],"6":[1,1],"7":[1,1],"8":[1,1],"9":[1,1],"10":[1,1,1],"11":[1,1],"12":[1,1],"13":[1,1],"14":[1,1],"15":[1,1],"16":[1,1],"17":[1,1]},"f":{"1":2,"2":2,"3":2,"4":2,"5":2,"6":1,"7":1,"8":1,"9":2,"10":2,"11":2,"12":2,"13":1},"fnMap":{"1":{"name":"(anonymous_1)","line":12,"loc":{"start":{"line":12,"column":1},"end":{"line":12,"column":13}}},"2":{"name":"(anonymous_2)","line":19,"loc":{"start":{"line":19,"column":5},"end":{"line":19,"column":17}}},"3":{"name":"(anonymous_3)","line":23,"loc":{"start":{"line":23,"column":24},"end":{"line":23,"column":36}}},"4":{"name":"(anonymous_4)","line":61,"loc":{"start":{"line":61,"column":5},"end":{"line":61,"column":17}}},"5":{"name":"(anonymous_5)","line":82,"loc":{"start":{"line":82,"column":5},"end":{"line":82,"column":17}}},"6":{"name":"(anonymous_6)","line":91,"loc":{"start":{"line":91,"column":77},"end":{"line":94,"column":10}}},"7":{"name":"(anonymous_7)","line":112,"loc":{"start":{"line":112,"column":83},"end":{"line":115,"column":10}},"skip":true},"8":{"name":"(anonymous_8)","line":123,"loc":{"start":{"line":123,"column":77},"end":{"line":126,"column":10}},"skip":true},"9":{"name":"(anonymous_9)","line":139,"loc":{"start":{"line":139,"column":12},"end":{"line":139,"column":40}},"skip":true},"10":{"name":"(anonymous_10)","line":147,"loc":{"start":{"line":147,"column":77},"end":{"line":150,"column":10}},"skip":true},"11":{"name":"(anonymous_11)","line":158,"loc":{"start":{"line":158,"column":83},"end":{"line":161,"column":10}},"skip":true},"12":{"name":"(anonymous_12)","line":169,"loc":{"start":{"line":169,"column":79},"end":{"line":172,"column":10}},"skip":true},"13":{"name":"(anonymous_13)","line":180,"loc":{"start":{"line":180,"column":75},"end":{"line":183,"column":10}},"skip":true}},"statementMap":{"1":{"start":{"line":12,"column":0},"end":{"line":195,"column":5}},"2":{"start":{"line":14,"column":4},"end":{"line":14,"column":14}},"3":{"start":{"line":19,"column":4},"end":{"line":56,"column":9}},"4":{"start":{"line":21,"column":8},"end":{"line":21,"column":19}},"5":{"start":{"line":23,"column":8},"end":{"line":35,"column":13}},"6":{"start":{"line":24,"column":12},"end":{"line":34,"column":13}},"7":{"start":{"line":25,"column":16},"end":{"line":28,"column":30}},"8":{"start":{"line":30,"column":16},"end":{"line":33,"column":27}},"9":{"start":{"line":37,"column":8},"end":{"line":39,"column":21}},"10":{"start":{"line":40,"column":8},"end":{"line":53,"column":9}},"11":{"start":{"line":43,"column":12},"end":{"line":46,"column":14}},"12":{"start":{"line":47,"column":12},"end":{"line":47,"column":18}},"13":{"start":{"line":50,"column":12},"end":{"line":51,"column":33}},"14":{"start":{"line":52,"column":12},"end":{"line":52,"column":18}},"15":{"start":{"line":55,"column":8},"end":{"line":55,"column":35}},"16":{"start":{"line":61,"column":4},"end":{"line":63,"column":9}},"17":{"start":{"line":62,"column":8},"end":{"line":62,"column":15}},"18":{"start":{"line":64,"column":4},"end":{"line":77,"column":5}},"19":{"start":{"line":70,"column":8},"end":{"line":70,"column":14}},"20":{"start":{"line":76,"column":8},"end":{"line":76,"column":14}},"21":{"start":{"line":82,"column":4},"end":{"line":84,"column":9}},"22":{"start":{"line":83,"column":8},"end":{"line":83,"column":15}},"23":{"start":{"line":85,"column":4},"end":{"line":194,"column":5}},"24":{"start":{"line":91,"column":8},"end":{"line":99,"column":10}},"25":{"start":{"line":98,"column":12},"end":{"line":98,"column":35}},"26":{"start":{"line":102,"column":8},"end":{"line":104,"column":63}},"27":{"start":{"line":105,"column":8},"end":{"line":105,"column":14}},"28":{"start":{"line":112,"column":8},"end":{"line":121,"column":10},"skip":true},"29":{"start":{"line":119,"column":12},"end":{"line":119,"column":55},"skip":true},"30":{"start":{"line":120,"column":12},"end":{"line":120,"column":48},"skip":true},"31":{"start":{"line":123,"column":8},"end":{"line":136,"column":10},"skip":true},"32":{"start":{"line":130,"column":12},"end":{"line":130,"column":76},"skip":true},"33":{"start":{"line":131,"column":12},"end":{"line":131,"column":73},"skip":true},"34":{"start":{"line":132,"column":12},"end":{"line":132,"column":74},"skip":true},"35":{"start":{"line":133,"column":12},"end":{"line":133,"column":79},"skip":true},"36":{"start":{"line":134,"column":12},"end":{"line":134,"column":25},"skip":true},"37":{"start":{"line":135,"column":12},"end":{"line":135,"column":45},"skip":true},"38":{"start":{"line":138,"column":8},"end":{"line":145,"column":14},"skip":true},"39":{"start":{"line":143,"column":16},"end":{"line":143,"column":29},"skip":true},"40":{"start":{"line":144,"column":16},"end":{"line":144,"column":55},"skip":true},"41":{"start":{"line":147,"column":8},"end":{"line":156,"column":10},"skip":true},"42":{"start":{"line":154,"column":12},"end":{"line":154,"column":25},"skip":true},"43":{"start":{"line":155,"column":12},"end":{"line":155,"column":45},"skip":true},"44":{"start":{"line":158,"column":8},"end":{"line":167,"column":10},"skip":true},"45":{"start":{"line":165,"column":12},"end":{"line":165,"column":25},"skip":true},"46":{"start":{"line":166,"column":12},"end":{"line":166,"column":48},"skip":true},"47":{"start":{"line":169,"column":8},"end":{"line":178,"column":10},"skip":true},"48":{"start":{"line":176,"column":12},"end":{"line":176,"column":25},"skip":true},"49":{"start":{"line":177,"column":12},"end":{"line":177,"column":46},"skip":true},"50":{"start":{"line":180,"column":8},"end":{"line":189,"column":10},"skip":true},"51":{"start":{"line":187,"column":12},"end":{"line":187,"column":94},"skip":true},"52":{"start":{"line":188,"column":12},"end":{"line":188,"column":48},"skip":true},"53":{"start":{"line":192,"column":8},"end":{"line":192,"column":35},"skip":true},"54":{"start":{"line":193,"column":8},"end":{"line":193,"column":14},"skip":true}},"branchMap":{"1":{"line":25,"type":"binary-expr","locations":[{"start":{"line":25,"column":23},"end":{"line":25,"column":62}},{"start":{"line":26,"column":20},"end":{"line":26,"column":70}},{"start":{"line":27,"column":20},"end":{"line":27,"column":71}},{"start":{"line":28,"column":20},"end":{"line":28,"column":29}}]},"2":{"line":30,"type":"binary-expr","locations":[{"start":{"line":30,"column":23},"end":{"line":30,"column":37}},{"start":{"line":31,"column":20},"end":{"line":31,"column":61}},{"start":{"line":32,"column":20},"end":{"line":32,"column":70}},{"start":{"line":33,"column":20},"end":{"line":33,"column":26}}]},"3":{"line":37,"type":"cond-expr","locations":[{"start":{"line":38,"column":14},"end":{"line":38,"column":20}},{"start":{"line":39,"column":14},"end":{"line":39,"column":20}}]},"4":{"line":40,"type":"switch","locations":[{"start":{"line":42,"column":8},"end":{"line":47,"column":18}},{"start":{"line":49,"column":8},"end":{"line":52,"column":18}}]},"5":{"line":44,"type":"binary-expr","locations":[{"start":{"line":44,"column":16},"end":{"line":44,"column":44}},{"start":{"line":44,"column":48},"end":{"line":44,"column":66}}]},"6":{"line":50,"type":"binary-expr","locations":[{"start":{"line":50,"column":21},"end":{"line":50,"column":49}},{"start":{"line":50,"column":53},"end":{"line":50,"column":72}}]},"7":{"line":64,"type":"switch","locations":[{"start":{"line":69,"column":4},"end":{"line":70,"column":14}},{"start":{"line":75,"column":4},"end":{"line":76,"column":14}}]},"8":{"line":85,"type":"switch","locations":[{"start":{"line":90,"column":4},"end":{"line":105,"column":14}},{"start":{"line":111,"column":4},"end":{"line":193,"column":14},"skip":true}]},"9":{"line":91,"type":"binary-expr","locations":[{"start":{"line":91,"column":42},"end":{"line":91,"column":73}},{"start":{"line":91,"column":77},"end":{"line":99,"column":9}}]},"10":{"line":102,"type":"binary-expr","locations":[{"start":{"line":102,"column":18},"end":{"line":102,"column":32}},{"start":{"line":103,"column":12},"end":{"line":103,"column":53}},{"start":{"line":104,"column":12},"end":{"line":104,"column":61}}]},"11":{"line":112,"type":"binary-expr","locations":[{"start":{"line":112,"column":45},"end":{"line":112,"column":79},"skip":true},{"start":{"line":112,"column":83},"end":{"line":121,"column":9},"skip":true}]},"12":{"line":123,"type":"binary-expr","locations":[{"start":{"line":123,"column":42},"end":{"line":123,"column":73},"skip":true},{"start":{"line":123,"column":77},"end":{"line":136,"column":9},"skip":true}]},"13":{"line":138,"type":"binary-expr","locations":[{"start":{"line":138,"column":48},"end":{"line":138,"column":85},"skip":true},{"start":{"line":139,"column":12},"end":{"line":145,"column":13},"skip":true}]},"14":{"line":147,"type":"binary-expr","locations":[{"start":{"line":147,"column":42},"end":{"line":147,"column":73},"skip":true},{"start":{"line":147,"column":77},"end":{"line":156,"column":9},"skip":true}]},"15":{"line":158,"type":"binary-expr","locations":[{"start":{"line":158,"column":45},"end":{"line":158,"column":79},"skip":true},{"start":{"line":158,"column":83},"end":{"line":167,"column":9},"skip":true}]},"16":{"line":169,"type":"binary-expr","locations":[{"start":{"line":169,"column":43},"end":{"line":169,"column":75},"skip":true},{"start":{"line":169,"column":79},"end":{"line":178,"column":9},"skip":true}]},"17":{"line":180,"type":"binary-expr","locations":[{"start":{"line":180,"column":41},"end":{"line":180,"column":71},"skip":true},{"start":{"line":180,"column":75},"end":{"line":189,"column":9},"skip":true}]}},"code":["/* istanbul instrument in package npmtest_vue_router */","/*jslint","    bitwise: true,","    browser: true,","    maxerr: 8,","    maxlen: 96,","    node: true,","    nomen: true,","    regexp: true,","    stupid: true","*/","(function () {","    'use strict';","    var local;","","","","    // run shared js-env code - pre-init","    (function () {","        // init local","        local = {};","        // init modeJs","        local.modeJs = (function () {","            try {","                return typeof navigator.userAgent === 'string' &&","                    typeof document.querySelector('body') === 'object' &&","                    typeof XMLHttpRequest.prototype.open === 'function' &&","                    'browser';","            } catch (errorCaughtBrowser) {","                return module.exports &&","                    typeof process.versions.node === 'string' &&","                    typeof require('http').createServer === 'function' &&","                    'node';","            }","        }());","        // init global","        local.global = local.modeJs === 'browser'","            ? window","            : global;","        switch (local.modeJs) {","        // re-init local from window.local","        case 'browser':","            local = local.global.utility2.objectSetDefault(","                local.global.utility2_rollup || local.global.local,","                local.global.utility2","            );","            break;","        // re-init local from example.js","        case 'node':","            local = (local.global.utility2_rollup || require('utility2'))","                .requireReadme();","            break;","        }","        // export local","        local.global.local = local;","    }());","","","","    // run shared js-env code - function","    (function () {","        return;","    }());","    switch (local.modeJs) {","","","","    // run browser js-env code - function","    case 'browser':","        break;","","","","    // run node js-env code - function","    case 'node':","        break;","    }","","","","    // run shared js-env code - post-init","    (function () {","        return;","    }());","    switch (local.modeJs) {","","","","    // run browser js-env code - post-init","    case 'browser':","        local.testCase_browser_nullCase = local.testCase_browser_nullCase || function (","            options,","            onError","        ) {","        /*","         * this function will test browsers's null-case handling-behavior-behavior","         */","            onError(null, options);","        };","","        // run tests","        local.nop(local.modeTest &&","            document.querySelector('#testRunButton1') &&","            document.querySelector('#testRunButton1').click());","        break;","","","","    // run node js-env code - post-init","    /* istanbul ignore next */","    case 'node':","        local.testCase_buildApidoc_default = local.testCase_buildApidoc_default || function (","            options,","            onError","        ) {","        /*","         * this function will test buildApidoc's default handling-behavior-behavior","         */","            options = { modulePathList: module.paths };","            local.buildApidoc(options, onError);","        };","","        local.testCase_buildApp_default = local.testCase_buildApp_default || function (","            options,","            onError","        ) {","        /*","         * this function will test buildApp's default handling-behavior-behavior","         */","            local.testCase_buildReadme_default(options, local.onErrorThrow);","            local.testCase_buildLib_default(options, local.onErrorThrow);","            local.testCase_buildTest_default(options, local.onErrorThrow);","            local.testCase_buildCustomOrg_default(options, local.onErrorThrow);","            options = [];","            local.buildApp(options, onError);","        };","","        local.testCase_buildCustomOrg_default = local.testCase_buildCustomOrg_default ||","            function (options, onError) {","            /*","             * this function will test buildCustomOrg's default handling-behavior","             */","                options = {};","                local.buildCustomOrg(options, onError);","            };","","        local.testCase_buildLib_default = local.testCase_buildLib_default || function (","            options,","            onError","        ) {","        /*","         * this function will test buildLib's default handling-behavior","         */","            options = {};","            local.buildLib(options, onError);","        };","","        local.testCase_buildReadme_default = local.testCase_buildReadme_default || function (","            options,","            onError","        ) {","        /*","         * this function will test buildReadme's default handling-behavior-behavior","         */","            options = {};","            local.buildReadme(options, onError);","        };","","        local.testCase_buildTest_default = local.testCase_buildTest_default || function (","            options,","            onError","        ) {","        /*","         * this function will test buildTest's default handling-behavior","         */","            options = {};","            local.buildTest(options, onError);","        };","","        local.testCase_webpage_default = local.testCase_webpage_default || function (","            options,","            onError","        ) {","        /*","         * this function will test webpage's default handling-behavior","         */","            options = { modeCoverageMerge: true, url: local.serverLocalHost + '?modeTest=1' };","            local.browserTest(options, onError);","        };","","        // run test-server","        local.testRunServer(local);","        break;","    }","}());",""],"l":{"12":2,"14":2,"19":2,"21":2,"23":2,"24":2,"25":2,"30":1,"37":2,"40":2,"43":1,"47":1,"50":1,"52":1,"55":2,"61":2,"62":2,"64":2,"70":1,"76":1,"82":2,"83":2,"85":2,"91":1,"98":1,"102":1,"105":1,"112":1,"119":1,"120":1,"123":1,"130":1,"131":1,"132":1,"133":1,"134":1,"135":1,"138":1,"143":2,"144":2,"147":1,"154":2,"155":2,"158":1,"165":2,"166":2,"169":1,"176":2,"177":2,"180":1,"187":1,"188":1,"192":1,"193":1}},"/home/travis/build/npmtest/node-npmtest-vue-router/lib.npmtest_vue_router.js":{"path":"/home/travis/build/npmtest/node-npmtest-vue-router/lib.npmtest_vue_router.js","s":{"1":2,"2":2,"3":2,"4":2,"5":2,"6":2,"7":2,"8":1,"9":2,"10":2,"11":2,"12":2,"13":1,"14":1,"15":1,"16":1},"b":{"1":[2,1,1,1],"2":[1,1,1,1],"3":[1,1],"4":[2,2],"5":[1,1]},"f":{"1":2,"2":2,"3":2},"fnMap":{"1":{"name":"(anonymous_1)","line":12,"loc":{"start":{"line":12,"column":1},"end":{"line":12,"column":13}}},"2":{"name":"(anonymous_2)","line":19,"loc":{"start":{"line":19,"column":5},"end":{"line":19,"column":17}}},"3":{"name":"(anonymous_3)","line":23,"loc":{"start":{"line":23,"column":24},"end":{"line":23,"column":36}}}},"statementMap":{"1":{"start":{"line":12,"column":0},"end":{"line":53,"column":5}},"2":{"start":{"line":14,"column":4},"end":{"line":14,"column":14}},"3":{"start":{"line":19,"column":4},"end":{"line":52,"column":9}},"4":{"start":{"line":21,"column":8},"end":{"line":21,"column":19}},"5":{"start":{"line":23,"column":8},"end":{"line":35,"column":13}},"6":{"start":{"line":24,"column":12},"end":{"line":34,"column":13}},"7":{"start":{"line":25,"column":16},"end":{"line":28,"column":30}},"8":{"start":{"line":30,"column":16},"end":{"line":33,"column":27}},"9":{"start":{"line":37,"column":8},"end":{"line":39,"column":21}},"10":{"start":{"line":41,"column":8},"end":{"line":41,"column":54}},"11":{"start":{"line":43,"column":8},"end":{"line":43,"column":55}},"12":{"start":{"line":45,"column":8},"end":{"line":51,"column":9}},"13":{"start":{"line":46,"column":12},"end":{"line":46,"column":61}},"14":{"start":{"line":48,"column":12},"end":{"line":48,"column":35}},"15":{"start":{"line":49,"column":12},"end":{"line":49,"column":49}},"16":{"start":{"line":50,"column":12},"end":{"line":50,"column":43}}},"branchMap":{"1":{"line":25,"type":"binary-expr","locations":[{"start":{"line":25,"column":23},"end":{"line":25,"column":62}},{"start":{"line":26,"column":20},"end":{"line":26,"column":70}},{"start":{"line":27,"column":20},"end":{"line":27,"column":71}},{"start":{"line":28,"column":20},"end":{"line":28,"column":29}}]},"2":{"line":30,"type":"binary-expr","locations":[{"start":{"line":30,"column":23},"end":{"line":30,"column":37}},{"start":{"line":31,"column":20},"end":{"line":31,"column":61}},{"start":{"line":32,"column":20},"end":{"line":32,"column":70}},{"start":{"line":33,"column":20},"end":{"line":33,"column":26}}]},"3":{"line":37,"type":"cond-expr","locations":[{"start":{"line":38,"column":14},"end":{"line":38,"column":20}},{"start":{"line":39,"column":14},"end":{"line":39,"column":20}}]},"4":{"line":41,"type":"binary-expr","locations":[{"start":{"line":41,"column":16},"end":{"line":41,"column":44}},{"start":{"line":41,"column":48},"end":{"line":41,"column":53}}]},"5":{"line":45,"type":"if","locations":[{"start":{"line":45,"column":8},"end":{"line":45,"column":8}},{"start":{"line":45,"column":8},"end":{"line":45,"column":8}}]}},"code":["/* istanbul instrument in package npmtest_vue_router */","/*jslint","    bitwise: true,","    browser: true,","    maxerr: 8,","    maxlen: 96,","    node: true,","    nomen: true,","    regexp: true,","    stupid: true","*/","(function () {","    'use strict';","    var local;","","","","    // run shared js-env code - pre-init","    (function () {","        // init local","        local = {};","        // init modeJs","        local.modeJs = (function () {","            try {","                return typeof navigator.userAgent === 'string' &&","                    typeof document.querySelector('body') === 'object' &&","                    typeof XMLHttpRequest.prototype.open === 'function' &&","                    'browser';","            } catch (errorCaughtBrowser) {","                return module.exports &&","                    typeof process.versions.node === 'string' &&","                    typeof require('http').createServer === 'function' &&","                    'node';","            }","        }());","        // init global","        local.global = local.modeJs === 'browser'","            ? window","            : global;","        // init utility2_rollup","        local = local.global.utility2_rollup || local;","        // init lib","        local.local = local.npmtest_vue_router = local;","        // init exports","        if (local.modeJs === 'browser') {","            local.global.utility2_npmtest_vue_router = local;","        } else {","            module.exports = local;","            module.exports.__dirname = __dirname;","            module.exports.module = module;","        }","    }());","}());",""],"l":{"12":2,"14":2,"19":2,"21":2,"23":2,"24":2,"25":2,"30":1,"37":2,"41":2,"43":2,"45":2,"46":1,"48":1,"49":1,"50":1}},"/home/travis/build/npmtest/node-npmtest-vue-router/example.js":{"path":"/home/travis/build/npmtest/node-npmtest-vue-router/example.js","s":{"1":2,"2":2,"3":2,"4":2,"5":2,"6":2,"7":2,"8":1,"9":2,"10":2,"11":2,"12":2,"13":1,"14":2,"15":2,"16":2,"17":2,"18":2,"19":0,"20":2,"21":1,"22":1,"23":1,"24":1,"25":1,"26":0,"27":0,"28":1,"29":1,"30":2,"31":0,"32":0,"33":0,"34":1,"35":2,"36":2,"37":3,"38":3,"39":3,"40":3,"41":0,"42":3,"43":3,"44":3,"45":1,"46":3,"47":1,"48":1,"49":1,"50":1,"51":1,"52":1,"53":1,"54":1,"55":1,"56":1,"57":0,"58":1,"59":6,"60":6,"61":1,"62":2,"63":0,"64":2,"65":1,"66":1,"67":0,"68":0,"69":0,"70":0,"71":0,"72":0,"73":0,"74":0,"75":0,"76":0,"77":0,"78":0,"79":0,"80":0,"81":0,"82":0,"83":0},"b":{"1":[2,1,1,1],"2":[1,1,1,1],"3":[1,1],"4":[2,2],"5":[1,1],"6":[1,1],"7":[2,0],"8":[2,1,1,1,1,1],"9":[0,2,0],"10":[1,1],"11":[2,1,1],"12":[1,0],"13":[0,2],"14":[2,0,0,0,0,0,0],"15":[0,3],"16":[3,0],"17":[1,1],"18":[0,1],"19":[1,2,0,2],"20":[1,0],"21":[1,1],"22":[0,0],"23":[0,0],"24":[0,0],"25":[0,0],"26":[0,0],"27":[0,0],"28":[0,0]},"f":{"1":2,"2":2,"3":2,"4":2,"5":2,"6":2,"7":3,"8":3,"9":3,"10":1,"11":6,"12":0},"fnMap":{"1":{"name":"(anonymous_1)","line":26,"loc":{"start":{"line":26,"column":1},"end":{"line":26,"column":13}}},"2":{"name":"(anonymous_2)","line":33,"loc":{"start":{"line":33,"column":5},"end":{"line":33,"column":17}}},"3":{"name":"(anonymous_3)","line":37,"loc":{"start":{"line":37,"column":24},"end":{"line":37,"column":36}}},"4":{"name":"(anonymous_4)","line":69,"loc":{"start":{"line":69,"column":31},"end":{"line":69,"column":48}},"skip":true},"5":{"name":"(anonymous_5)","line":78,"loc":{"start":{"line":78,"column":26},"end":{"line":78,"column":45}},"skip":true},"6":{"name":"(anonymous_6)","line":123,"loc":{"start":{"line":123,"column":33},"end":{"line":123,"column":48}},"skip":true},"7":{"name":"(anonymous_7)","line":125,"loc":{"start":{"line":125,"column":27},"end":{"line":125,"column":39}},"skip":true},"8":{"name":"(anonymous_8)","line":133,"loc":{"start":{"line":133,"column":59},"end":{"line":133,"column":74}},"skip":true},"9":{"name":"(anonymous_9)","line":143,"loc":{"start":{"line":143,"column":45},"end":{"line":143,"column":62}},"skip":true},"10":{"name":"(anonymous_10)","line":144,"loc":{"start":{"line":144,"column":73},"end":{"line":144,"column":92}},"skip":true},"11":{"name":"(anonymous_11)","line":272,"loc":{"start":{"line":272,"column":51},"end":{"line":272,"column":77}},"skip":true},"12":{"name":"(anonymous_12)","line":315,"loc":{"start":{"line":315,"column":32},"end":{"line":315,"column":61}},"skip":true}},"statementMap":{"1":{"start":{"line":26,"column":0},"end":{"line":326,"column":5}},"2":{"start":{"line":28,"column":4},"end":{"line":28,"column":14}},"3":{"start":{"line":33,"column":4},"end":{"line":60,"column":9}},"4":{"start":{"line":35,"column":8},"end":{"line":35,"column":19}},"5":{"start":{"line":37,"column":8},"end":{"line":49,"column":13}},"6":{"start":{"line":38,"column":12},"end":{"line":48,"column":13}},"7":{"start":{"line":39,"column":16},"end":{"line":42,"column":30}},"8":{"start":{"line":44,"column":16},"end":{"line":47,"column":27}},"9":{"start":{"line":51,"column":8},"end":{"line":53,"column":21}},"10":{"start":{"line":55,"column":8},"end":{"line":57,"column":45}},"11":{"start":{"line":59,"column":8},"end":{"line":59,"column":35}},"12":{"start":{"line":61,"column":4},"end":{"line":325,"column":5}},"13":{"start":{"line":69,"column":8},"end":{"line":121,"column":10},"skip":true},"14":{"start":{"line":70,"column":12},"end":{"line":88,"column":13},"skip":true},"15":{"start":{"line":76,"column":16},"end":{"line":87,"column":19},"skip":true},"16":{"start":{"line":79,"column":20},"end":{"line":86,"column":21},"skip":true},"17":{"start":{"line":82,"column":24},"end":{"line":82,"column":43},"skip":true},"18":{"start":{"line":83,"column":24},"end":{"line":83,"column":30},"skip":true},"19":{"start":{"line":85,"column":24},"end":{"line":85,"column":49},"skip":true},"20":{"start":{"line":89,"column":12},"end":{"line":107,"column":13},"skip":true},"21":{"start":{"line":92,"column":16},"end":{"line":102,"column":17},"skip":true},"22":{"start":{"line":93,"column":20},"end":{"line":93,"column":86},"skip":true},"23":{"start":{"line":94,"column":20},"end":{"line":95,"column":45},"skip":true},"24":{"start":{"line":96,"column":20},"end":{"line":96,"column":42},"skip":true},"25":{"start":{"line":97,"column":20},"end":{"line":97,"column":48},"skip":true},"26":{"start":{"line":100,"column":20},"end":{"line":100,"column":85},"skip":true},"27":{"start":{"line":101,"column":20},"end":{"line":101,"column":96},"skip":true},"28":{"start":{"line":103,"column":16},"end":{"line":103,"column":22},"skip":true},"29":{"start":{"line":106,"column":16},"end":{"line":106,"column":22},"skip":true},"30":{"start":{"line":108,"column":12},"end":{"line":120,"column":13},"skip":true},"31":{"start":{"line":114,"column":16},"end":{"line":119,"column":17},"skip":true},"32":{"start":{"line":116,"column":20},"end":{"line":116,"column":78},"skip":true},"33":{"start":{"line":118,"column":20},"end":{"line":118,"column":47},"skip":true},"34":{"start":{"line":123,"column":8},"end":{"line":141,"column":11},"skip":true},"35":{"start":{"line":124,"column":12},"end":{"line":124,"column":54},"skip":true},"36":{"start":{"line":125,"column":12},"end":{"line":140,"column":14},"skip":true},"37":{"start":{"line":126,"column":16},"end":{"line":126,"column":28},"skip":true},"38":{"start":{"line":127,"column":16},"end":{"line":127,"column":69},"skip":true},"39":{"start":{"line":128,"column":16},"end":{"line":128,"column":75},"skip":true},"40":{"start":{"line":129,"column":16},"end":{"line":131,"column":17},"skip":true},"41":{"start":{"line":130,"column":20},"end":{"line":130,"column":27},"skip":true},"42":{"start":{"line":133,"column":16},"end":{"line":137,"column":36},"skip":true},"43":{"start":{"line":134,"column":20},"end":{"line":136,"column":55},"skip":true},"44":{"start":{"line":139,"column":16},"end":{"line":139,"column":57},"skip":true},"45":{"start":{"line":143,"column":8},"end":{"line":147,"column":11},"skip":true},"46":{"start":{"line":144,"column":12},"end":{"line":146,"column":15},"skip":true},"47":{"start":{"line":145,"column":16},"end":{"line":145,"column":70},"skip":true},"48":{"start":{"line":149,"column":8},"end":{"line":149,"column":31},"skip":true},"49":{"start":{"line":150,"column":8},"end":{"line":150,"column":14},"skip":true},"50":{"start":{"line":158,"column":8},"end":{"line":158,"column":31},"skip":true},"51":{"start":{"line":160,"column":8},"end":{"line":160,"column":33},"skip":true},"52":{"start":{"line":161,"column":8},"end":{"line":161,"column":37},"skip":true},"53":{"start":{"line":162,"column":8},"end":{"line":162,"column":35},"skip":true},"54":{"start":{"line":164,"column":8},"end":{"line":164,"column":50},"skip":true},"55":{"start":{"line":166,"column":8},"end":{"line":256,"column":2},"skip":true},"56":{"start":{"line":258,"column":8},"end":{"line":286,"column":9},"skip":true},"57":{"start":{"line":259,"column":12},"end":{"line":269,"column":14},"skip":true},"58":{"start":{"line":271,"column":12},"end":{"line":285,"column":19},"skip":true},"59":{"start":{"line":274,"column":20},"end":{"line":274,"column":35},"skip":true},"60":{"start":{"line":275,"column":20},"end":{"line":284,"column":21},"skip":true},"61":{"start":{"line":277,"column":24},"end":{"line":277,"column":64},"skip":true},"62":{"start":{"line":279,"column":24},"end":{"line":279,"column":40},"skip":true},"63":{"start":{"line":281,"column":24},"end":{"line":281,"column":40},"skip":true},"64":{"start":{"line":283,"column":24},"end":{"line":283,"column":39},"skip":true},"65":{"start":{"line":288,"column":8},"end":{"line":290,"column":9},"skip":true},"66":{"start":{"line":289,"column":12},"end":{"line":289,"column":18},"skip":true},"67":{"start":{"line":291,"column":8},"end":{"line":293,"column":54},"skip":true},"68":{"start":{"line":296,"column":8},"end":{"line":301,"column":37},"skip":true},"69":{"start":{"line":303,"column":8},"end":{"line":303,"column":82},"skip":true},"70":{"start":{"line":306,"column":8},"end":{"line":308,"column":9},"skip":true},"71":{"start":{"line":307,"column":12},"end":{"line":307,"column":82},"skip":true},"72":{"start":{"line":310,"column":8},"end":{"line":312,"column":9},"skip":true},"73":{"start":{"line":311,"column":12},"end":{"line":311,"column":18},"skip":true},"74":{"start":{"line":313,"column":8},"end":{"line":313,"column":54},"skip":true},"75":{"start":{"line":314,"column":8},"end":{"line":314,"column":69},"skip":true},"76":{"start":{"line":315,"column":8},"end":{"line":323,"column":36},"skip":true},"77":{"start":{"line":316,"column":12},"end":{"line":316,"column":61},"skip":true},"78":{"start":{"line":317,"column":12},"end":{"line":320,"column":13},"skip":true},"79":{"start":{"line":318,"column":16},"end":{"line":318,"column":75},"skip":true},"80":{"start":{"line":319,"column":16},"end":{"line":319,"column":23},"skip":true},"81":{"start":{"line":321,"column":12},"end":{"line":321,"column":38},"skip":true},"82":{"start":{"line":322,"column":12},"end":{"line":322,"column":27},"skip":true},"83":{"start":{"line":324,"column":8},"end":{"line":324,"column":14},"skip":true}},"branchMap":{"1":{"line":39,"type":"binary-expr","locations":[{"start":{"line":39,"column":23},"end":{"line":39,"column":62}},{"start":{"line":40,"column":20},"end":{"line":40,"column":70}},{"start":{"line":41,"column":20},"end":{"line":41,"column":71}},{"start":{"line":42,"column":20},"end":{"line":42,"column":29}}]},"2":{"line":44,"type":"binary-expr","locations":[{"start":{"line":44,"column":23},"end":{"line":44,"column":37}},{"start":{"line":45,"column":20},"end":{"line":45,"column":61}},{"start":{"line":46,"column":20},"end":{"line":46,"column":70}},{"start":{"line":47,"column":20},"end":{"line":47,"column":26}}]},"3":{"line":51,"type":"cond-expr","locations":[{"start":{"line":52,"column":14},"end":{"line":52,"column":20}},{"start":{"line":53,"column":14},"end":{"line":53,"column":20}}]},"4":{"line":55,"type":"binary-expr","locations":[{"start":{"line":55,"column":16},"end":{"line":55,"column":44}},{"start":{"line":55,"column":49},"end":{"line":57,"column":43}}]},"5":{"line":55,"type":"cond-expr","locations":[{"start":{"line":56,"column":14},"end":{"line":56,"column":54}},{"start":{"line":57,"column":14},"end":{"line":57,"column":43}}]},"6":{"line":61,"type":"switch","locations":[{"start":{"line":68,"column":4},"end":{"line":150,"column":14},"skip":true},{"start":{"line":156,"column":4},"end":{"line":324,"column":14},"skip":true}]},"7":{"line":70,"type":"if","locations":[{"start":{"line":70,"column":12},"end":{"line":70,"column":12},"skip":true},{"start":{"line":70,"column":12},"end":{"line":70,"column":12},"skip":true}]},"8":{"line":70,"type":"binary-expr","locations":[{"start":{"line":70,"column":16},"end":{"line":70,"column":22},"skip":true},{"start":{"line":70,"column":27},"end":{"line":70,"column":32},"skip":true},{"start":{"line":71,"column":20},"end":{"line":71,"column":39},"skip":true},{"start":{"line":72,"column":20},"end":{"line":72,"column":49},"skip":true},{"start":{"line":73,"column":20},"end":{"line":73,"column":58},"skip":true},{"start":{"line":74,"column":20},"end":{"line":74,"column":69},"skip":true}]},"9":{"line":79,"type":"switch","locations":[{"start":{"line":80,"column":20},"end":{"line":80,"column":33},"skip":true},{"start":{"line":81,"column":20},"end":{"line":83,"column":30},"skip":true},{"start":{"line":84,"column":20},"end":{"line":85,"column":49},"skip":true}]},"10":{"line":89,"type":"switch","locations":[{"start":{"line":90,"column":12},"end":{"line":103,"column":22},"skip":true},{"start":{"line":105,"column":12},"end":{"line":106,"column":22},"skip":true}]},"11":{"line":89,"type":"binary-expr","locations":[{"start":{"line":89,"column":20},"end":{"line":89,"column":25},"skip":true},{"start":{"line":89,"column":29},"end":{"line":89,"column":48},"skip":true},{"start":{"line":89,"column":52},"end":{"line":89,"column":74},"skip":true}]},"12":{"line":92,"type":"if","locations":[{"start":{"line":92,"column":16},"end":{"line":92,"column":16},"skip":true},{"start":{"line":92,"column":16},"end":{"line":92,"column":16},"skip":true}]},"13":{"line":108,"type":"if","locations":[{"start":{"line":108,"column":12},"end":{"line":108,"column":12},"skip":true},{"start":{"line":108,"column":12},"end":{"line":108,"column":12},"skip":true}]},"14":{"line":108,"type":"binary-expr","locations":[{"start":{"line":108,"column":16},"end":{"line":108,"column":61},"skip":true},{"start":{"line":108,"column":66},"end":{"line":108,"column":72},"skip":true},{"start":{"line":108,"column":77},"end":{"line":108,"column":82},"skip":true},{"start":{"line":109,"column":20},"end":{"line":109,"column":39},"skip":true},{"start":{"line":110,"column":20},"end":{"line":110,"column":49},"skip":true},{"start":{"line":111,"column":20},"end":{"line":111,"column":58},"skip":true},{"start":{"line":112,"column":20},"end":{"line":112,"column":68},"skip":true}]},"15":{"line":129,"type":"if","locations":[{"start":{"line":129,"column":16},"end":{"line":129,"column":16},"skip":true},{"start":{"line":129,"column":16},"end":{"line":129,"column":16},"skip":true}]},"16":{"line":134,"type":"cond-expr","locations":[{"start":{"line":135,"column":26},"end":{"line":135,"column":29},"skip":true},{"start":{"line":136,"column":26},"end":{"line":136,"column":54},"skip":true}]},"17":{"line":164,"type":"binary-expr","locations":[{"start":{"line":164,"column":27},"end":{"line":164,"column":43},"skip":true},{"start":{"line":164,"column":47},"end":{"line":164,"column":49},"skip":true}]},"18":{"line":258,"type":"if","locations":[{"start":{"line":258,"column":8},"end":{"line":258,"column":8},"skip":true},{"start":{"line":258,"column":8},"end":{"line":258,"column":8},"skip":true}]},"19":{"line":275,"type":"switch","locations":[{"start":{"line":276,"column":20},"end":{"line":277,"column":64},"skip":true},{"start":{"line":278,"column":20},"end":{"line":279,"column":40},"skip":true},{"start":{"line":280,"column":20},"end":{"line":281,"column":40},"skip":true},{"start":{"line":282,"column":20},"end":{"line":283,"column":39},"skip":true}]},"20":{"line":288,"type":"if","locations":[{"start":{"line":288,"column":8},"end":{"line":288,"column":8},"skip":true},{"start":{"line":288,"column":8},"end":{"line":288,"column":8},"skip":true}]},"21":{"line":288,"type":"binary-expr","locations":[{"start":{"line":288,"column":12},"end":{"line":288,"column":40},"skip":true},{"start":{"line":288,"column":44},"end":{"line":288,"column":67},"skip":true}]},"22":{"line":292,"type":"binary-expr","locations":[{"start":{"line":292,"column":12},"end":{"line":292,"column":50},"skip":true},{"start":{"line":293,"column":12},"end":{"line":293,"column":53},"skip":true}]},"23":{"line":297,"type":"binary-expr","locations":[{"start":{"line":297,"column":12},"end":{"line":297,"column":68},"skip":true},{"start":{"line":298,"column":12},"end":{"line":301,"column":36},"skip":true}]},"24":{"line":303,"type":"binary-expr","locations":[{"start":{"line":303,"column":43},"end":{"line":303,"column":75},"skip":true},{"start":{"line":303,"column":79},"end":{"line":303,"column":81},"skip":true}]},"25":{"line":306,"type":"if","locations":[{"start":{"line":306,"column":8},"end":{"line":306,"column":8},"skip":true},{"start":{"line":306,"column":8},"end":{"line":306,"column":8},"skip":true}]},"26":{"line":310,"type":"if","locations":[{"start":{"line":310,"column":8},"end":{"line":310,"column":8},"skip":true},{"start":{"line":310,"column":8},"end":{"line":310,"column":8},"skip":true}]},"27":{"line":313,"type":"binary-expr","locations":[{"start":{"line":313,"column":27},"end":{"line":313,"column":43},"skip":true},{"start":{"line":313,"column":47},"end":{"line":313,"column":53},"skip":true}]},"28":{"line":317,"type":"if","locations":[{"start":{"line":317,"column":12},"end":{"line":317,"column":12},"skip":true},{"start":{"line":317,"column":12},"end":{"line":317,"column":12},"skip":true}]}},"code":["/*","example.js","","quickstart example","","instruction","    1. save this script as example.js","    2. run the shell command:","        $ npm install npmtest-vue-router && PORT=8081 node example.js","    3. play with the browser-demo on http://127.0.0.1:8081","*/","","","","/* istanbul instrument in package npmtest_vue_router */","/*jslint","    bitwise: true,","    browser: true,","    maxerr: 8,","    maxlen: 96,","    node: true,","    nomen: true,","    regexp: true,","    stupid: true","*/","(function () {","    'use strict';","    var local;","","","","    // run shared js-env code - pre-init","    (function () {","        // init local","        local = {};","        // init modeJs","        local.modeJs = (function () {","            try {","                return typeof navigator.userAgent === 'string' &&","                    typeof document.querySelector('body') === 'object' &&","                    typeof XMLHttpRequest.prototype.open === 'function' &&","                    'browser';","            } catch (errorCaughtBrowser) {","                return module.exports &&","                    typeof process.versions.node === 'string' &&","                    typeof require('http').createServer === 'function' &&","                    'node';","            }","        }());","        // init global","        local.global = local.modeJs === 'browser'","            ? window","            : global;","        // init utility2_rollup","        local = local.global.utility2_rollup || (local.modeJs === 'browser'","            ? local.global.utility2_npmtest_vue_router","            : global.utility2_moduleExports);","        // export local","        local.global.local = local;","    }());","    switch (local.modeJs) {","","","","    // post-init","    // run browser js-env code - post-init","    /* istanbul ignore next */","    case 'browser':","        local.testRunBrowser = function (event) {","            if (!event || (event &&","                    event.currentTarget &&","                    event.currentTarget.className &&","                    event.currentTarget.className.includes &&","                    event.currentTarget.className.includes('onreset'))) {","                // reset output","                Array.from(","                    document.querySelectorAll('body > .resettable')","                ).forEach(function (element) {","                    switch (element.tagName) {","                    case 'INPUT':","                    case 'TEXTAREA':","                        element.value = '';","                        break;","                    default:","                        element.textContent = '';","                    }","                });","            }","            switch (event && event.currentTarget && event.currentTarget.id) {","            case 'testRunButton1':","                // show tests","                if (document.querySelector('#testReportDiv1').style.display === 'none') {","                    document.querySelector('#testReportDiv1').style.display = 'block';","                    document.querySelector('#testRunButton1').textContent =","                        'hide internal test';","                    local.modeTest = true;","                    local.testRunDefault(local);","                // hide tests","                } else {","                    document.querySelector('#testReportDiv1').style.display = 'none';","                    document.querySelector('#testRunButton1').textContent = 'run internal test';","                }","                break;","            // custom-case","            default:","                break;","            }","            if (document.querySelector('#inputTextareaEval1') && (!event || (event &&","                    event.currentTarget &&","                    event.currentTarget.className &&","                    event.currentTarget.className.includes &&","                    event.currentTarget.className.includes('oneval')))) {","                // try to eval input-code","                try {","                    /*jslint evil: true*/","                    eval(document.querySelector('#inputTextareaEval1').value);","                } catch (errorCaught) {","                    console.error(errorCaught);","                }","            }","        };","        // log stderr and stdout to #outputTextareaStdout1","        ['error', 'log'].forEach(function (key) {","            console[key + '_original'] = console[key];","            console[key] = function () {","                var element;","                console[key + '_original'].apply(console, arguments);","                element = document.querySelector('#outputTextareaStdout1');","                if (!element) {","                    return;","                }","                // append text to #outputTextareaStdout1","                element.value += Array.from(arguments).map(function (arg) {","                    return typeof arg === 'string'","                        ? arg","                        : JSON.stringify(arg, null, 4);","                }).join(' ') + '\\n';","                // scroll textarea to bottom","                element.scrollTop = element.scrollHeight;","            };","        });","        // init event-handling","        ['change', 'click', 'keyup'].forEach(function (event) {","            Array.from(document.querySelectorAll('.on' + event)).forEach(function (element) {","                element.addEventListener(event, local.testRunBrowser);","            });","        });","        // run tests","        local.testRunBrowser();","        break;","","","","    // run node js-env code - post-init","    /* istanbul ignore next */","    case 'node':","        // export local","        module.exports = local;","        // require modules","        local.fs = require('fs');","        local.http = require('http');","        local.url = require('url');","        // init assets","        local.assetsDict = local.assetsDict || {};","        /* jslint-ignore-begin */","        local.assetsDict['/assets.index.template.html'] = '\\","<!doctype html>\\n\\","<html lang=\"en\">\\n\\","<head>\\n\\","<meta charset=\"UTF-8\">\\n\\","<meta name=\"viewport\" content=\"width=device-width, initial-scale=1\">\\n\\","<title>{{env.npm_package_name}} (v{{env.npm_package_version}})</title>\\n\\","<style>\\n\\","/*csslint\\n\\","    box-sizing: false,\\n\\","    universal-selector: false\\n\\","*/\\n\\","* {\\n\\","    box-sizing: border-box;\\n\\","}\\n\\","body {\\n\\","    background: #dde;\\n\\","    font-family: Arial, Helvetica, sans-serif;\\n\\","    margin: 2rem;\\n\\","}\\n\\","body > * {\\n\\","    margin-bottom: 1rem;\\n\\","}\\n\\",".utility2FooterDiv {\\n\\","    margin-top: 20px;\\n\\","    text-align: center;\\n\\","}\\n\\","</style>\\n\\","<style>\\n\\","/*csslint\\n\\","*/\\n\\","textarea {\\n\\","    font-family: monospace;\\n\\","    height: 10rem;\\n\\","    width: 100%;\\n\\","}\\n\\","textarea[readonly] {\\n\\","    background: #ddd;\\n\\","}\\n\\","</style>\\n\\","</head>\\n\\","<body>\\n\\","<!-- utility2-comment\\n\\","<div id=\"ajaxProgressDiv1\" style=\"background: #d00; height: 2px; left: 0; margin: 0; padding: 0; position: fixed; top: 0; transition: background 0.5s, width 1.5s; width: 25%;\"></div>\\n\\","utility2-comment -->\\n\\","<h1>\\n\\","<!-- utility2-comment\\n\\","    <a\\n\\","        {{#if env.npm_package_homepage}}\\n\\","        href=\"{{env.npm_package_homepage}}\"\\n\\","        {{/if env.npm_package_homepage}}\\n\\","        target=\"_blank\"\\n\\","    >\\n\\","utility2-comment -->\\n\\","        {{env.npm_package_name}} (v{{env.npm_package_version}})\\n\\","<!-- utility2-comment\\n\\","    </a>\\n\\","utility2-comment -->\\n\\","</h1>\\n\\","<h3>{{env.npm_package_description}}</h3>\\n\\","<!-- utility2-comment\\n\\","<h4><a download href=\"assets.app.js\">download standalone app</a></h4>\\n\\","<button class=\"onclick onreset\" id=\"testRunButton1\">run internal test</button><br>\\n\\","<div id=\"testReportDiv1\" style=\"display: none;\"></div>\\n\\","utility2-comment -->\\n\\","\\n\\","\\n\\","\\n\\","<label>stderr and stdout</label>\\n\\","<textarea class=\"resettable\" id=\"outputTextareaStdout1\" readonly></textarea>\\n\\","<!-- utility2-comment\\n\\","{{#if isRollup}}\\n\\","<script src=\"assets.app.js\"></script>\\n\\","{{#unless isRollup}}\\n\\","utility2-comment -->\\n\\","<script src=\"assets.utility2.rollup.js\"></script>\\n\\","<script src=\"jsonp.utility2._stateInit?callback=window.utility2._stateInit\"></script>\\n\\","<script src=\"assets.npmtest_vue_router.rollup.js\"></script>\\n\\","<script src=\"assets.example.js\"></script>\\n\\","<script src=\"assets.test.js\"></script>\\n\\","<!-- utility2-comment\\n\\","{{/if isRollup}}\\n\\","utility2-comment -->\\n\\","<div class=\"utility2FooterDiv\">\\n\\","    [ this app was created with\\n\\","    <a href=\"https://github.com/kaizhu256/node-utility2\" target=\"_blank\">utility2</a>\\n\\","    ]\\n\\","</div>\\n\\","</body>\\n\\","</html>\\n\\","';","        /* jslint-ignore-end */","        if (local.templateRender) {","            local.assetsDict['/'] = local.templateRender(","                local.assetsDict['/assets.index.template.html'],","                {","                    env: local.objectSetDefault(local.env, {","                        npm_package_description: 'the greatest app in the world!',","                        npm_package_name: 'my-app',","                        npm_package_nameAlias: 'my_app',","                        npm_package_version: '0.0.1'","                    })","                }","            );","        } else {","            local.assetsDict['/'] = local.assetsDict['/assets.index.template.html']","                .replace((/\\{\\{env\\.(\\w+?)\\}\\}/g), function (match0, match1) {","                    // jslint-hack","                    String(match0);","                    switch (match1) {","                    case 'npm_package_description':","                        return 'the greatest app in the world!';","                    case 'npm_package_name':","                        return 'my-app';","                    case 'npm_package_nameAlias':","                        return 'my_app';","                    case 'npm_package_version':","                        return '0.0.1';","                    }","                });","        }","        // run the cli","        if (local.global.utility2_rollup || module !== require.main) {","            break;","        }","        local.assetsDict['/assets.example.js'] =","            local.assetsDict['/assets.example.js'] ||","            local.fs.readFileSync(__filename, 'utf8');","        // bug-workaround - long $npm_package_buildCustomOrg","        /* jslint-ignore-begin */","        local.assetsDict['/assets.npmtest_vue_router.rollup.js'] =","            local.assetsDict['/assets.npmtest_vue_router.rollup.js'] ||","            local.fs.readFileSync(","                local.npmtest_vue_router.__dirname + '/lib.npmtest_vue_router.js',","                'utf8'","            ).replace((/^#!/), '//');","        /* jslint-ignore-end */","        local.assetsDict['/favicon.ico'] = local.assetsDict['/favicon.ico'] || '';","        // if $npm_config_timeout_exit exists,","        // then exit this process after $npm_config_timeout_exit ms","        if (Number(process.env.npm_config_timeout_exit)) {","            setTimeout(process.exit, Number(process.env.npm_config_timeout_exit));","        }","        // start server","        if (local.global.utility2_serverHttp1) {","            break;","        }","        process.env.PORT = process.env.PORT || '8081';","        console.error('server starting on port ' + process.env.PORT);","        local.http.createServer(function (request, response) {","            request.urlParsed = local.url.parse(request.url);","            if (local.assetsDict[request.urlParsed.pathname] !== undefined) {","                response.end(local.assetsDict[request.urlParsed.pathname]);","                return;","            }","            response.statusCode = 404;","            response.end();","        }).listen(process.env.PORT);","        break;","    }","}());",""],"l":{"26":2,"28":2,"33":2,"35":2,"37":2,"38":2,"39":2,"44":1,"51":2,"55":2,"59":2,"61":2,"69":1,"70":2,"76":2,"79":2,"82":2,"83":2,"85":1,"89":2,"92":1,"93":1,"94":1,"96":1,"97":1,"100":1,"101":1,"103":1,"106":1,"108":2,"114":1,"116":1,"118":1,"123":1,"124":2,"125":2,"126":3,"127":3,"128":3,"129":3,"130":1,"133":3,"134":3,"139":3,"143":1,"144":3,"145":1,"149":1,"150":1,"158":1,"160":1,"161":1,"162":1,"164":1,"166":1,"258":1,"259":1,"271":1,"274":6,"275":6,"277":1,"279":2,"281":1,"283":2,"288":1,"289":1,"291":1,"296":1,"303":1,"306":1,"307":1,"310":1,"311":1,"313":1,"314":1,"315":1,"316":1,"317":1,"318":1,"319":1,"321":1,"322":1,"324":1}},"/home/travis/build/npmtest/node-npmtest-vue-router/node_modules/vue-router/dist/vue-router.common.js":{"path":"/home/travis/build/npmtest/node-npmtest-vue-router/node_modules/vue-router/dist/vue-router.common.js","s":{"1":1,"2":0,"3":0,"4":1,"5":0,"6":0,"7":1,"8":0,"9":0,"10":0,"11":0,"12":0,"13":0,"14":0,"15":0,"16":0,"17":0,"18":0,"19":0,"20":0,"21":0,"22":0,"23":0,"24":0,"25":0,"26":0,"27":0,"28":0,"29":0,"30":0,"31":0,"32":0,"33":0,"34":0,"35":0,"36":0,"37":1,"38":0,"39":0,"40":0,"41":0,"42":0,"43":0,"44":0,"45":1,"46":1,"47":0,"48":1,"49":1,"50":0,"51":1,"52":1,"53":0,"54":0,"55":0,"56":0,"57":0,"58":0,"59":0,"60":0,"61":0,"62":0,"63":0,"64":0,"65":1,"66":0,"67":0,"68":0,"69":0,"70":0,"71":0,"72":0,"73":0,"74":0,"75":0,"76":0,"77":0,"78":0,"79":0,"80":1,"81":1,"82":0,"83":0,"84":0,"85":0,"86":0,"87":0,"88":0,"89":0,"90":0,"91":0,"92":0,"93":0,"94":0,"95":0,"96":0,"97":0,"98":1,"99":1,"100":1,"101":1,"102":1,"103":1,"104":0,"105":1,"106":1,"107":1,"108":0,"109":0,"110":0,"111":0,"112":0,"113":1,"114":1,"115":1,"116":1,"117":1,"118":1,"119":1,"120":1,"121":1,"122":1,"123":1,"124":0,"125":0,"126":0,"127":0,"128":0,"129":0,"130":0,"131":0,"132":0,"133":1,"134":0,"135":0,"136":0,"137":0,"138":0,"139":0,"140":0,"141":0,"142":0,"143":0,"144":1,"145":0,"146":1,"147":0,"148":0,"149":0,"150":0,"151":1,"152":1,"153":1,"154":0,"155":0,"156":0,"157":0,"158":0,"159":0,"160":0,"161":0,"162":0,"163":0,"164":0,"165":0,"166":0,"167":0,"168":0,"169":0,"170":0,"171":0,"172":0,"173":0,"174":0,"175":0,"176":0,"177":0,"178":0,"179":0,"180":0,"181":0,"182":0,"183":0,"184":0,"185":0,"186":0,"187":0,"188":0,"189":0,"190":1,"191":0,"192":0,"193":0,"194":0,"195":0,"196":0,"197":0,"198":0,"199":0,"200":0,"201":0,"202":0,"203":0,"204":1,"205":0,"206":0,"207":0,"208":0,"209":0,"210":0,"211":0,"212":0,"213":1,"214":1,"215":0,"216":0,"217":0,"218":0,"219":0,"220":0,"221":0,"222":0,"223":0,"224":0,"225":0,"226":0,"227":0,"228":0,"229":0,"230":0,"231":0,"232":0,"233":0,"234":0,"235":0,"236":0,"237":0,"238":0,"239":0,"240":1,"241":1,"242":0,"243":0,"244":0,"245":0,"246":0,"247":0,"248":0,"249":0,"250":0,"251":0,"252":0,"253":0,"254":0,"255":0,"256":0,"257":0,"258":0,"259":0,"260":1,"261":0,"262":0,"263":0,"264":0,"265":0,"266":0,"267":0,"268":0,"269":0,"270":0,"271":0,"272":1,"273":0,"274":1,"275":0,"276":0,"277":0,"278":0,"279":0,"280":1,"281":0,"282":0,"283":0,"284":0,"285":0,"286":0,"287":0,"288":0,"289":0,"290":0,"291":0,"292":0,"293":0,"294":0,"295":0,"296":0,"297":0,"298":0,"299":0,"300":0,"301":0,"302":0,"303":0,"304":0,"305":0,"306":0,"307":0,"308":0,"309":1,"310":0,"311":0,"312":0,"313":0,"314":0,"315":0,"316":1,"317":0,"318":1,"319":1,"320":1,"321":1,"322":1,"323":1,"324":1,"325":1,"326":0,"327":0,"328":0,"329":0,"330":0,"331":0,"332":0,"333":0,"334":0,"335":0,"336":0,"337":0,"338":0,"339":0,"340":0,"341":0,"342":0,"343":0,"344":0,"345":0,"346":0,"347":0,"348":0,"349":0,"350":0,"351":0,"352":0,"353":0,"354":0,"355":0,"356":0,"357":0,"358":0,"359":0,"360":0,"361":0,"362":1,"363":0,"364":1,"365":0,"366":0,"367":1,"368":0,"369":0,"370":1,"371":0,"372":0,"373":0,"374":0,"375":0,"376":0,"377":0,"378":0,"379":0,"380":0,"381":0,"382":0,"383":0,"384":0,"385":0,"386":0,"387":0,"388":0,"389":0,"390":0,"391":0,"392":0,"393":0,"394":0,"395":0,"396":0,"397":0,"398":0,"399":0,"400":0,"401":0,"402":0,"403":0,"404":0,"405":0,"406":0,"407":0,"408":0,"409":0,"410":0,"411":1,"412":0,"413":1,"414":0,"415":1,"416":0,"417":0,"418":1,"419":0,"420":1,"421":0,"422":0,"423":0,"424":0,"425":0,"426":1,"427":0,"428":0,"429":0,"430":0,"431":0,"432":1,"433":0,"434":1,"435":0,"436":0,"437":0,"438":0,"439":0,"440":0,"441":0,"442":0,"443":0,"444":0,"445":0,"446":0,"447":0,"448":0,"449":0,"450":0,"451":0,"452":0,"453":0,"454":0,"455":0,"456":0,"457":0,"458":0,"459":0,"460":0,"461":0,"462":0,"463":0,"464":0,"465":1,"466":0,"467":0,"468":0,"469":0,"470":0,"471":0,"472":0,"473":0,"474":0,"475":1,"476":1,"477":1,"478":1,"479":1,"480":1,"481":0,"482":0,"483":0,"484":0,"485":0,"486":0,"487":0,"488":0,"489":0,"490":1,"491":1,"492":0,"493":0,"494":0,"495":0,"496":0,"497":0,"498":1,"499":0,"500":0,"501":0,"502":0,"503":0,"504":0,"505":0,"506":0,"507":0,"508":0,"509":0,"510":0,"511":0,"512":0,"513":0,"514":0,"515":0,"516":0,"517":0,"518":0,"519":0,"520":0,"521":0,"522":0,"523":1,"524":0,"525":0,"526":0,"527":1,"528":0,"529":0,"530":0,"531":1,"532":0,"533":1,"534":0,"535":0,"536":0,"537":0,"538":0,"539":0,"540":0,"541":0,"542":0,"543":0,"544":0,"545":0,"546":0,"547":0,"548":0,"549":0,"550":0,"551":0,"552":0,"553":0,"554":0,"555":0,"556":0,"557":0,"558":1,"559":0,"560":0,"561":0,"562":0,"563":0,"564":0,"565":0,"566":0,"567":0,"568":0,"569":0,"570":0,"571":0,"572":0,"573":0,"574":0,"575":0,"576":0,"577":0,"578":0,"579":0,"580":0,"581":0,"582":0,"583":0,"584":0,"585":0,"586":0,"587":0,"588":1,"589":0,"590":0,"591":0,"592":0,"593":0,"594":0,"595":0,"596":0,"597":1,"598":0,"599":0,"600":0,"601":0,"602":0,"603":0,"604":1,"605":0,"606":0,"607":0,"608":0,"609":0,"610":0,"611":0,"612":0,"613":0,"614":0,"615":0,"616":0,"617":0,"618":0,"619":1,"620":0,"621":1,"622":1,"623":0,"624":0,"625":0,"626":0,"627":1,"628":0,"629":0,"630":0,"631":0,"632":0,"633":0,"634":0,"635":0,"636":0,"637":0,"638":0,"639":0,"640":0,"641":0,"642":0,"643":0,"644":0,"645":0,"646":0,"647":0,"648":0,"649":0,"650":0,"651":1,"652":0,"653":0,"654":0,"655":1,"656":0,"657":0,"658":0,"659":1,"660":0,"661":0,"662":0,"663":0,"664":1,"665":0,"666":1,"667":0,"668":1,"669":0,"670":1,"671":0,"672":0,"673":0,"674":0,"675":1,"676":1,"677":1,"678":1,"679":1,"680":0,"681":1,"682":0,"683":1,"684":0,"685":0,"686":0,"687":0,"688":0,"689":0,"690":0,"691":0,"692":1,"693":0,"694":1,"695":0,"696":0,"697":0,"698":0,"699":0,"700":0,"701":0,"702":0,"703":1,"704":0,"705":0,"706":0,"707":0,"708":0,"709":0,"710":0,"711":0,"712":1,"713":0,"714":1,"715":0,"716":0,"717":0,"718":0,"719":0,"720":1,"721":0,"722":1,"723":0,"724":0,"725":0,"726":0,"727":0,"728":0,"729":0,"730":0,"731":0,"732":0,"733":0,"734":0,"735":0,"736":0,"737":0,"738":0,"739":1,"740":0,"741":0,"742":0,"743":0,"744":0,"745":0,"746":0,"747":0,"748":0,"749":0,"750":0,"751":0,"752":0,"753":0,"754":0,"755":0,"756":0,"757":0,"758":0,"759":0,"760":0,"761":0,"762":0,"763":0,"764":0,"765":0,"766":0,"767":0,"768":0,"769":0,"770":0,"771":0,"772":0,"773":0,"774":0,"775":0,"776":0,"777":0,"778":0,"779":0,"780":0,"781":0,"782":0,"783":0,"784":0,"785":0,"786":1,"787":0,"788":0,"789":0,"790":0,"791":0,"792":1,"793":0,"794":0,"795":0,"796":0,"797":0,"798":0,"799":0,"800":0,"801":1,"802":0,"803":0,"804":0,"805":0,"806":0,"807":0,"808":1,"809":0,"810":0,"811":0,"812":0,"813":0,"814":0,"815":1,"816":0,"817":0,"818":0,"819":1,"820":0,"821":1,"822":0,"823":1,"824":0,"825":0,"826":1,"827":0,"828":0,"829":1,"830":0,"831":0,"832":0,"833":0,"834":0,"835":0,"836":1,"837":0,"838":0,"839":0,"840":0,"841":0,"842":1,"843":0,"844":0,"845":0,"846":0,"847":0,"848":0,"849":0,"850":0,"851":0,"852":0,"853":0,"854":0,"855":0,"856":0,"857":0,"858":0,"859":0,"860":0,"861":0,"862":0,"863":0,"864":0,"865":0,"866":0,"867":0,"868":0,"869":0,"870":0,"871":0,"872":0,"873":0,"874":0,"875":0,"876":0,"877":0,"878":1,"879":0,"880":0,"881":0,"882":1,"883":0,"884":1,"885":0,"886":0,"887":0,"888":0,"889":0,"890":0,"891":1,"892":1,"893":0,"894":0,"895":0,"896":0,"897":0,"898":0,"899":0,"900":0,"901":0,"902":1,"903":1,"904":1,"905":1,"906":1,"907":0,"908":1,"909":0,"910":0,"911":0,"912":0,"913":0,"914":0,"915":0,"916":1,"917":0,"918":0,"919":0,"920":0,"921":0,"922":0,"923":0,"924":1,"925":0,"926":0,"927":0,"928":1,"929":0,"930":1,"931":1,"932":0,"933":0,"934":0,"935":0,"936":1,"937":1,"938":0,"939":0,"940":0,"941":0,"942":1,"943":1,"944":1,"945":1,"946":1,"947":0,"948":0,"949":0,"950":0,"951":0,"952":0,"953":1,"954":0,"955":0,"956":0,"957":1,"958":0,"959":0,"960":0,"961":1,"962":0,"963":1,"964":0,"965":0,"966":0,"967":1,"968":0,"969":1,"970":1,"971":0,"972":0,"973":0,"974":0,"975":1,"976":0,"977":0,"978":0,"979":0,"980":0,"981":1,"982":0,"983":0,"984":0,"985":1,"986":0,"987":1,"988":0,"989":0,"990":1,"991":1,"992":0,"993":0,"994":0,"995":1,"996":1,"997":1,"998":1,"999":1,"1000":0,"1001":0,"1002":0,"1003":0,"1004":0,"1005":1,"1006":0,"1007":0,"1008":0,"1009":0,"1010":1,"1011":0,"1012":0,"1013":0,"1014":0,"1015":0,"1016":0,"1017":0,"1018":0,"1019":1,"1020":0,"1021":0,"1022":1,"1023":1,"1024":1,"1025":0,"1026":0,"1027":0,"1028":0,"1029":0,"1030":0,"1031":0,"1032":0,"1033":0,"1034":0,"1035":0,"1036":0,"1037":0,"1038":0,"1039":0,"1040":0,"1041":0,"1042":0,"1043":0,"1044":0,"1045":0,"1046":0,"1047":0,"1048":0,"1049":1,"1050":1,"1051":0,"1052":1,"1053":0,"1054":1,"1055":0,"1056":0,"1057":0,"1058":0,"1059":0,"1060":0,"1061":0,"1062":0,"1063":0,"1064":0,"1065":0,"1066":0,"1067":0,"1068":0,"1069":0,"1070":0,"1071":1,"1072":0,"1073":1,"1074":0,"1075":1,"1076":0,"1077":1,"1078":0,"1079":1,"1080":0,"1081":1,"1082":0,"1083":1,"1084":0,"1085":1,"1086":0,"1087":1,"1088":0,"1089":1,"1090":0,"1091":0,"1092":0,"1093":0,"1094":0,"1095":0,"1096":1,"1097":0,"1098":0,"1099":0,"1100":0,"1101":0,"1102":0,"1103":1,"1104":0,"1105":0,"1106":0,"1107":1,"1108":1,"1109":0,"1110":0,"1111":1,"1112":1,"1113":1,"1114":0,"1115":1},"b":{"1":[0,0],"2":[0,0],"3":[0,0],"4":[0,0],"5":[0,0],"6":[0,0],"7":[0,0],"8":[0,0],"9":[0,0],"10":[0,0],"11":[0,0],"12":[0,0],"13":[0,0,0,0,0],"14":[0,0],"15":[0,0],"16":[0,0],"17":[0,0],"18":[0,0],"19":[0,0],"20":[0,0],"21":[0,0],"22":[0,0],"23":[0,0],"24":[0,0],"25":[1,0],"26":[0,0],"27":[0,0],"28":[0,0],"29":[0,0],"30":[0,0],"31":[0,1],"32":[1,0],"33":[1,1,0],"34":[1,0,1],"35":[1,0],"36":[1,1],"37":[1,1],"38":[1,1],"39":[0,1],"40":[0,1],"41":[1,0],"42":[1,0],"43":[1,1],"44":[1,0],"45":[0,0],"46":[0,0],"47":[0,0],"48":[0,0],"49":[0,0,0],"50":[0,0],"51":[0,0],"52":[0,0,0,0],"53":[0,0],"54":[0,0],"55":[0,0],"56":[0,0,0,0],"57":[0,0],"58":[0,0],"59":[0,0],"60":[0,0],"61":[0,0],"62":[0,0],"63":[0,0],"64":[0,0],"65":[0,0],"66":[0,0],"67":[0,0,0],"68":[0,0],"69":[0,0],"70":[0,0],"71":[0,0],"72":[0,0],"73":[0,0],"74":[0,0],"75":[0,0],"76":[0,0],"77":[0,0],"78":[0,0],"79":[0,0],"80":[0,0],"81":[0,0,0],"82":[0,0],"83":[0,0],"84":[0,0],"85":[0,0],"86":[0,0],"87":[0,0],"88":[0,0],"89":[0,0],"90":[0,0],"91":[0,0],"92":[0,0],"93":[0,0],"94":[0,0],"95":[0,0],"96":[0,0],"97":[0,0],"98":[0,0],"99":[0,0],"100":[0,0],"101":[0,0],"102":[0,0],"103":[0,0],"104":[0,0],"105":[0,0],"106":[0,0],"107":[0,0],"108":[0,0],"109":[0,0],"110":[0,0],"111":[0,0],"112":[0,0],"113":[0,0],"114":[0,0],"115":[1,0],"116":[0,0,0],"117":[0,0],"118":[0,0],"119":[0,0,0],"120":[0,0],"121":[0,0],"122":[0,0],"123":[0,0],"124":[0,0],"125":[0,0],"126":[0,0],"127":[0,0],"128":[0,0],"129":[0,0],"130":[0,0],"131":[0,0],"132":[0,0],"133":[0,0],"134":[0,0],"135":[0,0],"136":[0,0],"137":[0,0],"138":[0,0],"139":[0,0],"140":[0,0],"141":[0,0],"142":[0,0],"143":[0,0],"144":[0,0],"145":[0,0],"146":[0,0],"147":[0,0],"148":[0,0],"149":[0,0],"150":[0,0],"151":[0,0],"152":[0,0],"153":[0,0],"154":[0,0],"155":[0,0],"156":[0,0],"157":[0,0],"158":[0,0],"159":[0,0],"160":[0,0],"161":[0,0],"162":[0,0],"163":[0,0],"164":[0,0],"165":[0,0],"166":[0,0],"167":[0,0],"168":[0,0],"169":[0,0],"170":[0,0],"171":[0,0],"172":[0,0],"173":[0,0],"174":[0,0,0],"175":[0,0],"176":[0,0],"177":[0,0],"178":[0,0],"179":[0,0,0],"180":[0,0],"181":[0,0],"182":[0,0,0],"183":[0,0],"184":[0,0],"185":[0,0],"186":[0,0],"187":[0,0],"188":[0,0],"189":[0,0],"190":[0,0],"191":[0,0],"192":[0,0],"193":[0,0],"194":[0,0],"195":[0,0],"196":[0,0],"197":[0,0],"198":[0,0],"199":[0,0],"200":[0,0],"201":[0,0],"202":[0,0],"203":[0,0],"204":[0,0],"205":[0,0],"206":[0,0],"207":[0,0],"208":[0,0],"209":[0,0],"210":[0,0],"211":[0,0],"212":[0,0],"213":[0,0],"214":[0,0],"215":[0,0],"216":[0,0],"217":[0,0],"218":[0,0],"219":[0,0],"220":[0,0],"221":[0,0],"222":[0,0],"223":[0,0],"224":[0,0],"225":[0,0],"226":[0,0],"227":[0,0],"228":[0,0],"229":[0,0],"230":[0,0],"231":[0,0],"232":[0,0],"233":[0,0],"234":[0,0],"235":[0,0],"236":[0,0],"237":[0,0],"238":[0,0],"239":[1,0],"240":[0,0],"241":[0,0,0,0,0],"242":[0,0],"243":[0,1],"244":[1,0,0],"245":[0,0],"246":[0,0],"247":[0,0],"248":[0,0],"249":[0,0],"250":[0,0],"251":[0,0],"252":[0,0],"253":[0,0],"254":[0,0],"255":[0,0],"256":[0,0],"257":[0,0],"258":[0,0],"259":[0,0],"260":[0,0],"261":[0,0],"262":[0,0],"263":[0,0],"264":[0,0],"265":[0,0],"266":[0,0],"267":[0,0],"268":[0,0],"269":[0,0],"270":[0,0],"271":[0,0],"272":[0,0],"273":[0,0,0],"274":[0,0],"275":[0,0],"276":[0,0],"277":[0,0],"278":[0,0],"279":[0,0],"280":[0,0],"281":[0,0],"282":[0,0],"283":[0,0],"284":[0,0],"285":[0,0],"286":[0,0],"287":[0,0],"288":[0,0],"289":[0,0],"290":[0,0],"291":[0,0],"292":[0,0],"293":[0,0],"294":[0,0],"295":[0,0],"296":[0,0],"297":[0,0],"298":[0,0],"299":[0,0],"300":[0,0],"301":[1,0],"302":[1,1],"303":[0,0],"304":[0,0],"305":[0,0],"306":[0,0],"307":[0,0],"308":[0,0],"309":[0,0],"310":[0,0],"311":[0,0],"312":[1,0],"313":[1,1],"314":[0,0],"315":[0,0],"316":[0,0],"317":[0,0],"318":[0,0],"319":[0,0],"320":[0,0],"321":[0,0],"322":[0,0],"323":[1,0],"324":[1,1],"325":[0,0],"326":[0,0],"327":[0,0],"328":[0,0],"329":[0,0],"330":[0,0],"331":[0,0],"332":[0,0],"333":[0,0],"334":[0,0],"335":[0,0],"336":[0,0,0,0],"337":[0,0],"338":[0,0],"339":[0,0],"340":[0,0],"341":[0,0],"342":[0,0],"343":[0,0],"344":[0,0],"345":[0,0],"346":[0,0],"347":[0,0],"348":[0,0],"349":[0,0],"350":[0,1],"351":[1,0]},"f":{"1":0,"2":0,"3":0,"4":0,"5":0,"6":0,"7":0,"8":0,"9":0,"10":0,"11":1,"12":0,"13":0,"14":0,"15":1,"16":0,"17":1,"18":0,"19":0,"20":0,"21":0,"22":0,"23":0,"24":0,"25":0,"26":0,"27":0,"28":0,"29":0,"30":0,"31":0,"32":0,"33":0,"34":0,"35":0,"36":0,"37":0,"38":0,"39":0,"40":0,"41":0,"42":0,"43":0,"44":0,"45":0,"46":0,"47":0,"48":0,"49":0,"50":0,"51":0,"52":0,"53":0,"54":0,"55":0,"56":0,"57":0,"58":0,"59":0,"60":0,"61":0,"62":0,"63":0,"64":0,"65":0,"66":0,"67":0,"68":0,"69":0,"70":0,"71":0,"72":0,"73":0,"74":0,"75":0,"76":0,"77":0,"78":0,"79":0,"80":0,"81":0,"82":0,"83":0,"84":0,"85":0,"86":0,"87":0,"88":1,"89":0,"90":0,"91":0,"92":0,"93":0,"94":0,"95":0,"96":0,"97":0,"98":0,"99":0,"100":0,"101":0,"102":0,"103":0,"104":0,"105":0,"106":0,"107":0,"108":0,"109":0,"110":0,"111":0,"112":0,"113":0,"114":0,"115":0,"116":0,"117":0,"118":0,"119":0,"120":0,"121":0,"122":0,"123":0,"124":0,"125":0,"126":0,"127":0,"128":0,"129":0,"130":0,"131":0,"132":0,"133":0,"134":0,"135":0,"136":0,"137":0,"138":0,"139":0,"140":0,"141":0,"142":0,"143":0,"144":0,"145":0,"146":0,"147":1,"148":0,"149":0,"150":0,"151":0,"152":0,"153":0,"154":0,"155":0,"156":0,"157":0,"158":0,"159":1,"160":0,"161":0,"162":0,"163":0,"164":0,"165":0,"166":0,"167":0,"168":0,"169":0,"170":0,"171":0,"172":0,"173":0,"174":0,"175":0,"176":1,"177":0,"178":0,"179":0,"180":0,"181":0,"182":0,"183":0,"184":0,"185":0,"186":0,"187":0,"188":0,"189":0,"190":0,"191":0,"192":0,"193":0,"194":0,"195":0,"196":0,"197":0,"198":0,"199":0,"200":0,"201":0,"202":0,"203":0,"204":0,"205":0,"206":0,"207":0},"fnMap":{"1":{"name":"assert","line":10,"loc":{"start":{"line":10,"column":0},"end":{"line":10,"column":37}}},"2":{"name":"warn","line":16,"loc":{"start":{"line":16,"column":0},"end":{"line":16,"column":35}}},"3":{"name":"render","line":31,"loc":{"start":{"line":31,"column":10},"end":{"line":31,"column":35}}},"4":{"name":"(anonymous_4)","line":74,"loc":{"start":{"line":74,"column":33},"end":{"line":74,"column":52}}},"5":{"name":"resolveProps","line":88,"loc":{"start":{"line":88,"column":0},"end":{"line":88,"column":38}}},"6":{"name":"(anonymous_6)","line":112,"loc":{"start":{"line":112,"column":28},"end":{"line":112,"column":41}}},"7":{"name":"(anonymous_7)","line":118,"loc":{"start":{"line":118,"column":13},"end":{"line":118,"column":28}}},"8":{"name":"resolveQuery","line":124,"loc":{"start":{"line":124,"column":0},"end":{"line":128,"column":2}}},"9":{"name":"parseQuery","line":146,"loc":{"start":{"line":146,"column":0},"end":{"line":146,"column":28}}},"10":{"name":"(anonymous_10)","line":155,"loc":{"start":{"line":155,"column":27},"end":{"line":155,"column":44}}},"11":{"name":"stringifyQuery","line":174,"loc":{"start":{"line":174,"column":0},"end":{"line":174,"column":30}}},"12":{"name":"(anonymous_12)","line":175,"loc":{"start":{"line":175,"column":39},"end":{"line":175,"column":54}}},"13":{"name":"(anonymous_13)","line":188,"loc":{"start":{"line":188,"column":26},"end":{"line":188,"column":42}}},"14":{"name":"(anonymous_14)","line":202,"loc":{"start":{"line":202,"column":12},"end":{"line":202,"column":25}}},"15":{"name":"createRoute","line":211,"loc":{"start":{"line":211,"column":0},"end":{"line":216,"column":2}}},"16":{"name":"formatMatch","line":239,"loc":{"start":{"line":239,"column":0},"end":{"line":239,"column":30}}},"17":{"name":"getFullPath","line":248,"loc":{"start":{"line":248,"column":0},"end":{"line":251,"column":2}}},"18":{"name":"isSameRoute","line":260,"loc":{"start":{"line":260,"column":0},"end":{"line":260,"column":28}}},"19":{"name":"isObjectEqual","line":283,"loc":{"start":{"line":283,"column":0},"end":{"line":283,"column":30}}},"20":{"name":"(anonymous_20)","line":292,"loc":{"start":{"line":292,"column":21},"end":{"line":292,"column":36}}},"21":{"name":"isIncludedRoute","line":295,"loc":{"start":{"line":295,"column":0},"end":{"line":295,"column":43}}},"22":{"name":"queryIncludes","line":305,"loc":{"start":{"line":305,"column":0},"end":{"line":305,"column":41}}},"23":{"name":"render","line":343,"loc":{"start":{"line":343,"column":10},"end":{"line":343,"column":30}}},"24":{"name":"(anonymous_24)","line":366,"loc":{"start":{"line":366,"column":18},"end":{"line":366,"column":31}}},"25":{"name":"(anonymous_25)","line":378,"loc":{"start":{"line":378,"column":25},"end":{"line":378,"column":38}}},"26":{"name":"guardEvent","line":411,"loc":{"start":{"line":411,"column":0},"end":{"line":411,"column":24}}},"27":{"name":"findAnchor","line":430,"loc":{"start":{"line":430,"column":0},"end":{"line":430,"column":31}}},"28":{"name":"install","line":447,"loc":{"start":{"line":447,"column":0},"end":{"line":447,"column":23}}},"29":{"name":"get","line":454,"loc":{"start":{"line":454,"column":9},"end":{"line":454,"column":25}}},"30":{"name":"get","line":458,"loc":{"start":{"line":458,"column":9},"end":{"line":458,"column":25}}},"31":{"name":"(anonymous_31)","line":461,"loc":{"start":{"line":461,"column":14},"end":{"line":461,"column":27}}},"32":{"name":"(anonymous_32)","line":463,"loc":{"start":{"line":463,"column":25},"end":{"line":463,"column":48}}},"33":{"name":"beforeCreate","line":471,"loc":{"start":{"line":471,"column":18},"end":{"line":471,"column":43}}},"34":{"name":"destroyed","line":479,"loc":{"start":{"line":479,"column":15},"end":{"line":479,"column":37}}},"35":{"name":"resolvePath","line":498,"loc":{"start":{"line":498,"column":0},"end":{"line":502,"column":2}}},"36":{"name":"parsePath","line":540,"loc":{"start":{"line":540,"column":0},"end":{"line":540,"column":26}}},"37":{"name":"cleanPath","line":563,"loc":{"start":{"line":563,"column":0},"end":{"line":563,"column":26}}},"38":{"name":"createRouteMap","line":569,"loc":{"start":{"line":569,"column":0},"end":{"line":573,"column":2}}},"39":{"name":"(anonymous_39)","line":577,"loc":{"start":{"line":577,"column":17},"end":{"line":577,"column":34}}},"40":{"name":"addRouteRecord","line":587,"loc":{"start":{"line":587,"column":0},"end":{"line":593,"column":2}}},"41":{"name":"(anonymous_41)","line":627,"loc":{"start":{"line":627,"column":44},"end":{"line":627,"column":61}}},"42":{"name":"(anonymous_42)","line":638,"loc":{"start":{"line":638,"column":27},"end":{"line":638,"column":44}}},"43":{"name":"(anonymous_43)","line":648,"loc":{"start":{"line":648,"column":26},"end":{"line":648,"column":43}}},"44":{"name":"normalizePath","line":681,"loc":{"start":{"line":681,"column":0},"end":{"line":681,"column":38}}},"45":{"name":"(anonymous_45)","line":688,"loc":{"start":{"line":688,"column":31},"end":{"line":688,"column":46}}},"46":{"name":"parse","line":728,"loc":{"start":{"line":728,"column":0},"end":{"line":728,"column":30}}},"47":{"name":"compile","line":801,"loc":{"start":{"line":801,"column":0},"end":{"line":801,"column":32}}},"48":{"name":"encodeURIComponentPretty","line":811,"loc":{"start":{"line":811,"column":0},"end":{"line":811,"column":40}}},"49":{"name":"(anonymous_49)","line":812,"loc":{"start":{"line":812,"column":43},"end":{"line":812,"column":56}}},"50":{"name":"encodeAsterisk","line":823,"loc":{"start":{"line":823,"column":0},"end":{"line":823,"column":30}}},"51":{"name":"(anonymous_51)","line":824,"loc":{"start":{"line":824,"column":41},"end":{"line":824,"column":54}}},"52":{"name":"tokensToFunction","line":832,"loc":{"start":{"line":832,"column":0},"end":{"line":832,"column":35}}},"53":{"name":"(anonymous_53)","line":843,"loc":{"start":{"line":843,"column":9},"end":{"line":843,"column":30}}},"54":{"name":"escapeString","line":919,"loc":{"start":{"line":919,"column":0},"end":{"line":919,"column":28}}},"55":{"name":"escapeGroup","line":929,"loc":{"start":{"line":929,"column":0},"end":{"line":929,"column":29}}},"56":{"name":"attachKeys","line":940,"loc":{"start":{"line":940,"column":0},"end":{"line":940,"column":31}}},"57":{"name":"flags","line":951,"loc":{"start":{"line":951,"column":0},"end":{"line":951,"column":25}}},"58":{"name":"regexpToRegexp","line":962,"loc":{"start":{"line":962,"column":0},"end":{"line":962,"column":37}}},"59":{"name":"arrayToRegexp","line":992,"loc":{"start":{"line":992,"column":0},"end":{"line":992,"column":45}}},"60":{"name":"stringToRegexp","line":1012,"loc":{"start":{"line":1012,"column":0},"end":{"line":1012,"column":46}}},"61":{"name":"tokensToRegExp","line":1024,"loc":{"start":{"line":1024,"column":0},"end":{"line":1024,"column":48}}},"62":{"name":"pathToRegexp","line":1100,"loc":{"start":{"line":1100,"column":0},"end":{"line":1100,"column":44}}},"63":{"name":"getRouteRegex","line":1128,"loc":{"start":{"line":1128,"column":0},"end":{"line":1128,"column":30}}},"64":{"name":"fillParams","line":1146,"loc":{"start":{"line":1146,"column":0},"end":{"line":1150,"column":2}}},"65":{"name":"normalizeLocation","line":1167,"loc":{"start":{"line":1167,"column":0},"end":{"line":1172,"column":2}}},"66":{"name":"assign","line":1221,"loc":{"start":{"line":1221,"column":0},"end":{"line":1221,"column":23}}},"67":{"name":"createMatcher","line":1231,"loc":{"start":{"line":1231,"column":0},"end":{"line":1234,"column":2}}},"68":{"name":"addRoutes","line":1239,"loc":{"start":{"line":1239,"column":2},"end":{"line":1239,"column":30}}},"69":{"name":"match","line":1243,"loc":{"start":{"line":1243,"column":2},"end":{"line":1247,"column":4}}},"70":{"name":"(anonymous_70)","line":1257,"loc":{"start":{"line":1257,"column":16},"end":{"line":1257,"column":31}}},"71":{"name":"(anonymous_71)","line":1258,"loc":{"start":{"line":1258,"column":13},"end":{"line":1258,"column":28}}},"72":{"name":"redirect","line":1288,"loc":{"start":{"line":1288,"column":2},"end":{"line":1291,"column":4}}},"73":{"name":"alias","line":1353,"loc":{"start":{"line":1353,"column":2},"end":{"line":1357,"column":4}}},"74":{"name":"_createRoute","line":1372,"loc":{"start":{"line":1372,"column":2},"end":{"line":1376,"column":4}}},"75":{"name":"matchRoute","line":1392,"loc":{"start":{"line":1392,"column":0},"end":{"line":1396,"column":2}}},"76":{"name":"resolveRecordPath","line":1417,"loc":{"start":{"line":1417,"column":0},"end":{"line":1417,"column":42}}},"77":{"name":"setupScroll","line":1426,"loc":{"start":{"line":1426,"column":0},"end":{"line":1426,"column":24}}},"78":{"name":"(anonymous_78)","line":1427,"loc":{"start":{"line":1427,"column":38},"end":{"line":1427,"column":51}}},"79":{"name":"handleScroll","line":1435,"loc":{"start":{"line":1435,"column":0},"end":{"line":1440,"column":2}}},"80":{"name":"(anonymous_80)","line":1455,"loc":{"start":{"line":1455,"column":23},"end":{"line":1455,"column":35}}},"81":{"name":"saveScrollPosition","line":1479,"loc":{"start":{"line":1479,"column":0},"end":{"line":1479,"column":31}}},"82":{"name":"getScrollPosition","line":1489,"loc":{"start":{"line":1489,"column":0},"end":{"line":1489,"column":30}}},"83":{"name":"getElementPosition","line":1496,"loc":{"start":{"line":1496,"column":0},"end":{"line":1496,"column":33}}},"84":{"name":"isValidPosition","line":1506,"loc":{"start":{"line":1506,"column":0},"end":{"line":1506,"column":31}}},"85":{"name":"normalizePosition","line":1510,"loc":{"start":{"line":1510,"column":0},"end":{"line":1510,"column":33}}},"86":{"name":"isNumber","line":1517,"loc":{"start":{"line":1517,"column":0},"end":{"line":1517,"column":22}}},"87":{"name":"(anonymous_87)","line":1523,"loc":{"start":{"line":1523,"column":38},"end":{"line":1523,"column":50}}},"88":{"name":"genKey","line":1545,"loc":{"start":{"line":1545,"column":0},"end":{"line":1545,"column":19}}},"89":{"name":"getStateKey","line":1549,"loc":{"start":{"line":1549,"column":0},"end":{"line":1549,"column":24}}},"90":{"name":"setStateKey","line":1553,"loc":{"start":{"line":1553,"column":0},"end":{"line":1553,"column":27}}},"91":{"name":"pushState","line":1557,"loc":{"start":{"line":1557,"column":0},"end":{"line":1557,"column":34}}},"92":{"name":"replaceState","line":1574,"loc":{"start":{"line":1574,"column":0},"end":{"line":1574,"column":28}}},"93":{"name":"runQueue","line":1580,"loc":{"start":{"line":1580,"column":0},"end":{"line":1580,"column":34}}},"94":{"name":"(anonymous_94)","line":1581,"loc":{"start":{"line":1581,"column":13},"end":{"line":1581,"column":30}}},"95":{"name":"(anonymous_95)","line":1586,"loc":{"start":{"line":1586,"column":25},"end":{"line":1586,"column":37}}},"96":{"name":"History","line":1599,"loc":{"start":{"line":1599,"column":14},"end":{"line":1599,"column":46}}},"97":{"name":"listen","line":1611,"loc":{"start":{"line":1611,"column":27},"end":{"line":1611,"column":48}}},"98":{"name":"onReady","line":1615,"loc":{"start":{"line":1615,"column":28},"end":{"line":1615,"column":59}}},"99":{"name":"onError","line":1626,"loc":{"start":{"line":1626,"column":28},"end":{"line":1626,"column":55}}},"100":{"name":"transitionTo","line":1630,"loc":{"start":{"line":1630,"column":33},"end":{"line":1630,"column":87}}},"101":{"name":"(anonymous_101)","line":1634,"loc":{"start":{"line":1634,"column":32},"end":{"line":1634,"column":44}}},"102":{"name":"(anonymous_102)","line":1642,"loc":{"start":{"line":1642,"column":30},"end":{"line":1642,"column":44}}},"103":{"name":"(anonymous_103)","line":1644,"loc":{"start":{"line":1644,"column":5},"end":{"line":1644,"column":20}}},"104":{"name":"(anonymous_104)","line":1650,"loc":{"start":{"line":1650,"column":35},"end":{"line":1650,"column":49}}},"105":{"name":"confirmTransition","line":1655,"loc":{"start":{"line":1655,"column":38},"end":{"line":1655,"column":94}}},"106":{"name":"(anonymous_106)","line":1659,"loc":{"start":{"line":1659,"column":14},"end":{"line":1659,"column":29}}},"107":{"name":"(anonymous_107)","line":1661,"loc":{"start":{"line":1661,"column":30},"end":{"line":1661,"column":44}}},"108":{"name":"(anonymous_108)","line":1687,"loc":{"start":{"line":1687,"column":18},"end":{"line":1687,"column":31}}},"109":{"name":"(anonymous_109)","line":1693,"loc":{"start":{"line":1693,"column":17},"end":{"line":1693,"column":39}}},"110":{"name":"(anonymous_110)","line":1698,"loc":{"start":{"line":1698,"column":27},"end":{"line":1698,"column":41}}},"111":{"name":"(anonymous_111)","line":1721,"loc":{"start":{"line":1721,"column":28},"end":{"line":1721,"column":40}}},"112":{"name":"(anonymous_112)","line":1723,"loc":{"start":{"line":1723,"column":18},"end":{"line":1723,"column":30}}},"113":{"name":"(anonymous_113)","line":1727,"loc":{"start":{"line":1727,"column":36},"end":{"line":1727,"column":48}}},"114":{"name":"(anonymous_114)","line":1734,"loc":{"start":{"line":1734,"column":36},"end":{"line":1734,"column":48}}},"115":{"name":"(anonymous_115)","line":1735,"loc":{"start":{"line":1735,"column":31},"end":{"line":1735,"column":45}}},"116":{"name":"updateRoute","line":1742,"loc":{"start":{"line":1742,"column":32},"end":{"line":1742,"column":61}}},"117":{"name":"(anonymous_117)","line":1746,"loc":{"start":{"line":1746,"column":33},"end":{"line":1746,"column":49}}},"118":{"name":"normalizeBase","line":1751,"loc":{"start":{"line":1751,"column":0},"end":{"line":1751,"column":30}}},"119":{"name":"resolveQueue","line":1769,"loc":{"start":{"line":1769,"column":0},"end":{"line":1772,"column":2}}},"120":{"name":"extractGuards","line":1787,"loc":{"start":{"line":1787,"column":0},"end":{"line":1792,"column":2}}},"121":{"name":"(anonymous_121)","line":1793,"loc":{"start":{"line":1793,"column":42},"end":{"line":1793,"column":79}}},"122":{"name":"(anonymous_122)","line":1797,"loc":{"start":{"line":1797,"column":20},"end":{"line":1797,"column":37}}},"123":{"name":"extractGuard","line":1804,"loc":{"start":{"line":1804,"column":0},"end":{"line":1807,"column":2}}},"124":{"name":"extractLeaveGuards","line":1815,"loc":{"start":{"line":1815,"column":0},"end":{"line":1815,"column":42}}},"125":{"name":"extractUpdateHooks","line":1819,"loc":{"start":{"line":1819,"column":0},"end":{"line":1819,"column":38}}},"126":{"name":"bindGuard","line":1823,"loc":{"start":{"line":1823,"column":0},"end":{"line":1823,"column":37}}},"127":{"name":"boundRouteGuard","line":1824,"loc":{"start":{"line":1824,"column":9},"end":{"line":1824,"column":37}}},"128":{"name":"extractEnterGuards","line":1829,"loc":{"start":{"line":1829,"column":0},"end":{"line":1833,"column":2}}},"129":{"name":"(anonymous_129)","line":1834,"loc":{"start":{"line":1834,"column":54},"end":{"line":1834,"column":86}}},"130":{"name":"bindEnterGuard","line":1839,"loc":{"start":{"line":1839,"column":0},"end":{"line":1845,"column":2}}},"131":{"name":"routeEnterGuard","line":1846,"loc":{"start":{"line":1846,"column":9},"end":{"line":1846,"column":51}}},"132":{"name":"(anonymous_132)","line":1847,"loc":{"start":{"line":1847,"column":27},"end":{"line":1847,"column":41}}},"133":{"name":"(anonymous_133)","line":1850,"loc":{"start":{"line":1850,"column":17},"end":{"line":1850,"column":2
[...]
h(this$1.base + route.fullPath));","      handleScroll(this$1.router, route, fromRoute, false);","      onComplete && onComplete(route);","    }, onAbort);","  };","","  HTML5History.prototype.replace = function replace (location, onComplete, onAbort) {","    var this$1 = this;","","    var ref = this;","    var fromRoute = ref.current;","    this.transitionTo(location, function (route) {","      replaceState(cleanPath(this$1.base + route.fullPath));","      handleScroll(this$1.router, route, fromRoute, false);","      onComplete && onComplete(route);","    }, onAbort);","  };","","  HTML5History.prototype.ensureURL = function ensureURL (push) {","    if (getLocation(this.base) !== this.current.fullPath) {","      var current = cleanPath(this.base + this.current.fullPath);","      push ? pushState(current) : replaceState(current);","    }","  };","","  HTML5History.prototype.getCurrentLocation = function getCurrentLocation () {","    return getLocation(this.base)","  };","","  return HTML5History;","}(History));","","function getLocation (base) {","  var path = window.location.pathname;","  if (base && path.indexOf(base) === 0) {","    path = path.slice(base.length);","  }","  return (path || '/') + window.location.search + window.location.hash","}","","/*  */","","","var HashHistory = (function (History$$1) {","  function HashHistory (router, base, fallback) {","    History$$1.call(this, router, base);","    // check history fallback deeplinking","    if (fallback && checkFallback(this.base)) {","      return","    }","    ensureSlash();","  }","","  if ( History$$1 ) HashHistory.__proto__ = History$$1;","  HashHistory.prototype = Object.create( History$$1 && History$$1.prototype );","  HashHistory.prototype.constructor = HashHistory;","","  // this is delayed until the app mounts","  // to avoid the hashchange listener being fired too early","  HashHistory.prototype.setupListeners = function setupListeners () {","    var this$1 = this;","","    window.addEventListener('hashchange', function () {","      if (!ensureSlash()) {","        return","      }","      this$1.transitionTo(getHash(), function (route) {","        replaceHash(route.fullPath);","      });","    });","  };","","  HashHistory.prototype.push = function push (location, onComplete, onAbort) {","    this.transitionTo(location, function (route) {","      pushHash(route.fullPath);","      onComplete && onComplete(route);","    }, onAbort);","  };","","  HashHistory.prototype.replace = function replace (location, onComplete, onAbort) {","    this.transitionTo(location, function (route) {","      replaceHash(route.fullPath);","      onComplete && onComplete(route);","    }, onAbort);","  };","","  HashHistory.prototype.go = function go (n) {","    window.history.go(n);","  };","","  HashHistory.prototype.ensureURL = function ensureURL (push) {","    var current = this.current.fullPath;","    if (getHash() !== current) {","      push ? pushHash(current) : replaceHash(current);","    }","  };","","  HashHistory.prototype.getCurrentLocation = function getCurrentLocation () {","    return getHash()","  };","","  return HashHistory;","}(History));","","function checkFallback (base) {","  var location = getLocation(base);","  if (!/^\\/#/.test(location)) {","    window.location.replace(","      cleanPath(base + '/#' + location)","    );","    return true","  }","}","","function ensureSlash () {","  var path = getHash();","  if (path.charAt(0) === '/') {","    return true","  }","  replaceHash('/' + path);","  return false","}","","function getHash () {","  // We can't use window.location.hash here because it's not","  // consistent across browsers - Firefox will pre-decode it!","  var href = window.location.href;","  var index = href.indexOf('#');","  return index === -1 ? '' : href.slice(index + 1)","}","","function pushHash (path) {","  window.location.hash = path;","}","","function replaceHash (path) {","  var i = window.location.href.indexOf('#');","  window.location.replace(","    window.location.href.slice(0, i >= 0 ? i : 0) + '#' + path","  );","}","","/*  */","","","var AbstractHistory = (function (History$$1) {","  function AbstractHistory (router, base) {","    History$$1.call(this, router, base);","    this.stack = [];","    this.index = -1;","  }","","  if ( History$$1 ) AbstractHistory.__proto__ = History$$1;","  AbstractHistory.prototype = Object.create( History$$1 && History$$1.prototype );","  AbstractHistory.prototype.constructor = AbstractHistory;","","  AbstractHistory.prototype.push = function push (location, onComplete, onAbort) {","    var this$1 = this;","","    this.transitionTo(location, function (route) {","      this$1.stack = this$1.stack.slice(0, this$1.index + 1).concat(route);","      this$1.index++;","      onComplete && onComplete(route);","    }, onAbort);","  };","","  AbstractHistory.prototype.replace = function replace (location, onComplete, onAbort) {","    var this$1 = this;","","    this.transitionTo(location, function (route) {","      this$1.stack = this$1.stack.slice(0, this$1.index).concat(route);","      onComplete && onComplete(route);","    }, onAbort);","  };","","  AbstractHistory.prototype.go = function go (n) {","    var this$1 = this;","","    var targetIndex = this.index + n;","    if (targetIndex < 0 || targetIndex >= this.stack.length) {","      return","    }","    var route = this.stack[targetIndex];","    this.confirmTransition(route, function () {","      this$1.index = targetIndex;","      this$1.updateRoute(route);","    });","  };","","  AbstractHistory.prototype.getCurrentLocation = function getCurrentLocation () {","    var current = this.stack[this.stack.length - 1];","    return current ? current.fullPath : '/'","  };","","  AbstractHistory.prototype.ensureURL = function ensureURL () {","    // noop","  };","","  return AbstractHistory;","}(History));","","/*  */","","var VueRouter = function VueRouter (options) {","  if ( options === void 0 ) options = {};","","  this.app = null;","  this.apps = [];","  this.options = options;","  this.beforeHooks = [];","  this.afterHooks = [];","  this.matcher = createMatcher(options.routes || [], this);","","  var mode = options.mode || 'hash';","  this.fallback = mode === 'history' && !supportsPushState;","  if (this.fallback) {","    mode = 'hash';","  }","  if (!inBrowser) {","    mode = 'abstract';","  }","  this.mode = mode;","","  switch (mode) {","    case 'history':","      this.history = new HTML5History(this, options.base);","      break","    case 'hash':","      this.history = new HashHistory(this, options.base, this.fallback);","      break","    case 'abstract':","      this.history = new AbstractHistory(this, options.base);","      break","    default:","      if (process.env.NODE_ENV !== 'production') {","        assert(false, (\"invalid mode: \" + mode));","      }","  }","};","","var prototypeAccessors = { currentRoute: {} };","","VueRouter.prototype.match = function match (","  raw,","  current,","  redirectedFrom",") {","  return this.matcher.match(raw, current, redirectedFrom)","};","","prototypeAccessors.currentRoute.get = function () {","  return this.history && this.history.current","};","","VueRouter.prototype.init = function init (app /* Vue component instance */) {","    var this$1 = this;","","  process.env.NODE_ENV !== 'production' && assert(","    install.installed,","    \"not installed. Make sure to call `Vue.use(VueRouter)` \" +","    \"before creating root instance.\"","  );","","  this.apps.push(app);","","  // main app already initialized.","  if (this.app) {","    return","  }","","  this.app = app;","","  var history = this.history;","","  if (history instanceof HTML5History) {","    history.transitionTo(history.getCurrentLocation());","  } else if (history instanceof HashHistory) {","    var setupHashListener = function () {","      history.setupListeners();","    };","    history.transitionTo(","      history.getCurrentLocation(),","      setupHashListener,","      setupHashListener","    );","  }","","  history.listen(function (route) {","    this$1.apps.forEach(function (app) {","      app._route = route;","    });","  });","};","","VueRouter.prototype.beforeEach = function beforeEach (fn) {","  this.beforeHooks.push(fn);","};","","VueRouter.prototype.afterEach = function afterEach (fn) {","  this.afterHooks.push(fn);","};","","VueRouter.prototype.onReady = function onReady (cb, errorCb) {","  this.history.onReady(cb, errorCb);","};","","VueRouter.prototype.onError = function onError (errorCb) {","  this.history.onError(errorCb);","};","","VueRouter.prototype.push = function push (location, onComplete, onAbort) {","  this.history.push(location, onComplete, onAbort);","};","","VueRouter.prototype.replace = function replace (location, onComplete, onAbort) {","  this.history.replace(location, onComplete, onAbort);","};","","VueRouter.prototype.go = function go (n) {","  this.history.go(n);","};","","VueRouter.prototype.back = function back () {","  this.go(-1);","};","","VueRouter.prototype.forward = function forward () {","  this.go(1);","};","","VueRouter.prototype.getMatchedComponents = function getMatchedComponents (to) {","  var route = to","    ? this.resolve(to).route","    : this.currentRoute;","  if (!route) {","    return []","  }","  return [].concat.apply([], route.matched.map(function (m) {","    return Object.keys(m.components).map(function (key) {","      return m.components[key]","    })","  }))","};","","VueRouter.prototype.resolve = function resolve (","  to,","  current,","  append",") {","  var location = normalizeLocation(","    to,","    current || this.history.current,","    append,","    this","  );","  var route = this.match(location, current);","  var fullPath = route.redirectedFrom || route.fullPath;","  var base = this.history.base;","  var href = createHref(base, fullPath, this.mode);","  return {","    location: location,","    route: route,","    href: href,","    // for backwards compat","    normalizedTo: location,","    resolved: route","  }","};","","VueRouter.prototype.addRoutes = function addRoutes (routes) {","  this.matcher.addRoutes(routes);","  if (this.history.current !== START) {","    this.history.transitionTo(this.history.getCurrentLocation());","  }","};","","Object.defineProperties( VueRouter.prototype, prototypeAccessors );","","function createHref (base, fullPath, mode) {","  var path = mode === 'hash' ? '#' + fullPath : fullPath;","  return base ? cleanPath(base + '/' + path) : path","}","","VueRouter.install = install;","VueRouter.version = '2.4.0';","","if (inBrowser && window.Vue) {","  window.Vue.use(VueRouter);","}","","module.exports = VueRouter;",""],"l":{"10":1,"11":0,"12":0,"16":1,"17":0,"18":0,"22":1,"32":0,"33":0,"34":0,"35":0,"37":0,"39":0,"40":0,"41":0,"45":0,"46":0,"47":0,"48":0,"49":0,"51":0,"52":0,"54":0,"56":0,"59":0,"60":0,"63":0,"65":0,"66":0,"67":0,"70":0,"74":0,"76":0,"77":0,"82":0,"84":0,"88":1,"89":0,"91":0,"93":0,"95":0,"97":0,"99":0,"100":0,"111":1,"112":1,"113":1,"118":1,"122":1,"124":1,"129":0,"131":0,"132":0,"133":0,"134":0,"136":0,"137":0,"139":0,"140":0,"141":0,"143":0,"146":1,"147":0,"149":0,"151":0,"152":0,"155":0,"156":0,"157":0,"158":0,"162":0,"163":0,"164":0,"165":0,"167":0,"171":0,"174":1,"175":1,"176":0,"178":0,"179":0,"182":0,"183":0,"186":0,"187":0,"188":0,"189":0,"190":0,"192":0,"193":0,"195":0,"198":0,"201":0,"202":0,"203":1,"209":1,"211":1,"217":1,"218":1,"228":1,"229":0,"231":1,"235":1,"239":1,"240":0,"241":0,"242":0,"243":0,"245":0,"248":1,"252":1,"253":1,"254":1,"256":1,"257":1,"260":1,"261":0,"262":0,"263":0,"264":0,"265":0,"266":0,"271":0,"272":0,"279":0,"283":1,"284":0,"285":0,"287":0,"288":0,"289":0,"290":0,"292":0,"295":1,"296":0,"305":1,"306":0,"307":0,"308":0,"311":0,"317":1,"318":1,"320":1,"344":0,"346":0,"347":0,"348":0,"349":0,"350":0,"351":0,"353":0,"354":0,"355":0,"358":0,"362":0,"366":0,"367":0,"368":0,"369":0,"371":0,"376":0,"377":0,"378":0,"380":0,"383":0,"387":0,"388":0,"389":0,"392":0,"393":0,"395":0,"396":0,"397":0,"398":0,"399":0,"400":0,"403":0,"407":0,"411":1,"413":0,"415":0,"417":0,"419":0,"420":0,"421":0,"424":0,"425":0,"427":0,"430":1,"431":0,"432":0,"433":0,"434":0,"435":0,"436":0,"438":0,"439":0,"445":1,"447":1,"448":0,"449":0,"451":0,"453":0,"454":0,"457":0,"458":0,"461":0,"463":0,"464":0,"465":0,"466":0,"470":0,"472":0,"473":0,"474":0,"475":0,"477":0,"480":0,"484":0,"485":0,"487":0,"489":0,"494":1,"498":1,"503":0,"504":0,"505":0,"508":0,"509":0,"512":0,"517":0,"518":0,"522":0,"523":0,"524":0,"525":0,"526":0,"527":0,"528":0,"533":0,"534":0,"537":0,"540":1,"541":0,"542":0,"544":0,"545":0,"546":0,"547":0,"550":0,"551":0,"552":0,"553":0,"556":0,"563":1,"564":0,"569":1,"574":0,"575":0,"577":0,"578":0,"581":0,"587":1,"594":0,"595":0,"596":0,"597":0,"598":0,"605":0,"622":0,"626":0,"627":0,"628":0,"638":0,"639":0,"642":0,"646":0,"647":0,"648":0,"649":0,"653":0,"656":0,"660":0,"664":0,"665":0,"668":0,"669":0,"670":0,"671":0,"672":0,"681":1,"682":0,"683":0,"684":0,"685":0,"688":1,"689":0,"692":1,"697":1,"698":1,"699":1,"700":1,"701":1,"708":1,"728":1,"729":0,"730":0,"731":0,"732":0,"733":0,"734":0,"736":0,"737":0,"738":0,"739":0,"740":0,"741":0,"744":0,"745":0,"746":0,"749":0,"750":0,"751":0,"752":0,"753":0,"754":0,"755":0,"758":0,"759":0,"760":0,"763":0,"764":0,"765":0,"766":0,"767":0,"769":0,"782":0,"783":0,"787":0,"788":0,"791":0,"801":1,"802":0,"811":1,"812":0,"813":0,"823":1,"824":0,"825":0,"832":1,"834":0,"837":0,"838":0,"839":0,"843":0,"844":0,"845":0,"846":0,"847":0,"849":0,"850":0,"852":0,"853":0,"855":0,"858":0,"859":0,"861":0,"862":0,"864":0,"865":0,"868":0,"870":0,"874":0,"875":0,"876":0,"879":0,"880":0,"881":0,"883":0,"887":0,"888":0,"890":0,"891":0,"894":0,"897":0,"900":0,"902":0,"903":0,"906":0,"909":0,"919":1,"920":0,"929":1,"930":0,"940":1,"941":0,"942":0,"951":1,"952":0,"962":1,"964":0,"966":0,"967":0,"968":0,"981":0,"992":1,"993":0,"995":0,"996":0,"999":0,"1001":0,"1012":1,"1013":0,"1024":1,"1025":0,"1026":0,"1027":0,"1030":0,"1032":0,"1033":0,"1034":0,"1037":0,"1038":0,"1040":0,"1041":0,"1043":0,"1044":0,"1046":0,"1048":0,"1049":0,"1052":0,"1053":0,"1054":0,"1056":0,"1059":0,"1062":0,"1066":0,"1067":0,"1073":0,"1074":0,"1077":0,"1078":0,"1082":0,"1085":0,"1100":1,"1101":0,"1102":0,"1103":0,"1106":0,"1108":0,"1109":0,"1112":0,"1113":0,"1116":0,"1119":1,"1120":1,"1121":1,"1122":1,"1126":1,"1128":1,"1129":0,"1130":0,"1132":0,"1133":0,"1134":0,"1136":0,"1137":0,"1138":0,"1141":0,"1144":1,"1146":1,"1151":0,"1152":0,"1155":0,"1157":0,"1158":0,"1160":0,"1167":1,"1173":0,"1175":0,"1176":0,"1180":0,"1181":0,"1182":0,"1183":0,"1184":0,"1185":0,"1186":0,"1187":0,"1188":0,"1189":0,"1190":0,"1191":0,"1193":0,"1196":0,"1197":0,"1198":0,"1202":0,"1208":0,"1209":0,"1210":0,"1213":0,"1221":1,"1222":0,"1223":0,"1225":0,"1231":1,"1235":0,"1236":0,"1237":0,"1239":1,"1240":0,"1243":1,"1248":0,"1249":0,"1251":0,"1252":0,"1253":0,"1254":0,"1256":0,"1257":0,"1258":0,"1260":0,"1261":0,"1264":0,"1265":0,"1266":0,"1267":0,"1272":0,"1273":0,"1274":0,"1276":0,"1277":0,"1278":0,"1279":0,"1280":0,"1285":0,"1288":1,"1292":0,"1293":0,"1297":0,"1298":0,"1301":0,"1302":0,"1303":0,"1307":0,"1310":0,"1311":0,"1312":0,"1313":0,"1314":0,"1315":0,"1316":0,"1317":0,"1318":0,"1320":0,"1322":0,"1323":0,"1324":0,"1326":0,"1333":0,"1335":0,"1337":0,"1339":0,"1346":0,"1347":0,"1349":0,"1353":1,"1358":0,"1359":0,"1363":0,"1364":0,"1365":0,"1366":0,"1367":0,"1369":0,"1372":1,"1377":0,"1378":0,"1380":0,"1381":0,"1383":0,"1386":0,"1392":1,"1397":0,"1398":0,"1399":0,"1400":0,"1402":0,"1403":0,"1404":0,"1405":0,"1408":0,"1409":0,"1410":0,"1411":0,"1414":0,"1417":1,"1418":0,"1424":1,"1426":1,"1427":0,"1428":0,"1429":0,"1430":0,"1435":1,"1441":0,"1442":0,"1445":0,"1446":0,"1447":0,"1450":0,"1451":0,"1455":0,"1456":0,"1457":0,"1458":0,"1459":0,"1461":0,"1462":0,"1463":0,"1464":0,"1465":0,"1466":0,"1467":0,"1469":0,"1470":0,"1473":0,"1474":0,"1479":1,"1480":0,"1481":0,"1482":0,"1489":1,"1490":0,"1491":0,"1492":0,"1496":1,"1497":0,"1498":0,"1499":0,"1500":0,"1506":1,"1507":0,"1510":1,"1511":0,"1517":1,"1518":0,"1523":1,"1524":0,"1526":0,"1532":0,"1535":0,"1539":1,"1543":1,"1545":1,"1546":1,"1549":1,"1550":0,"1553":1,"1554":0,"1557":1,"1558":0,"1561":0,"1562":0,"1563":0,"1564":0,"1566":0,"1567":0,"1570":0,"1574":1,"1575":0,"1580":1,"1581":0,"1582":0,"1583":0,"1585":0,"1586":0,"1587":0,"1590":0,"1594":0,"1599":1,"1600":0,"1601":0,"1603":0,"1604":0,"1605":0,"1606":0,"1607":0,"1608":0,"1611":1,"1612":0,"1615":1,"1616":0,"1617":0,"1619":0,"1620":0,"1621":0,"1626":1,"1627":0,"1630":1,"1631":0,"1633":0,"1634":0,"1635":0,"1636":0,"1637":0,"1640":0,"1641":0,"1642":0,"1645":0,"1646":0,"1648":0,"1649":0,"1650":0,"1655":1,"1656":0,"1658":0,"1659":0,"1660":0,"1661":0,"1663":0,"1665":0,"1670":0,"1671":0,"1674":0,"1675":0,"1676":0,"1677":0,"1679":0,"1687":0,"1692":0,"1693":0,"1694":0,"1695":0,"1697":0,"1698":0,"1699":0,"1701":0,"1702":0,"1703":0,"1705":0,"1706":0,"1707":0,"1709":0,"1713":0,"1717":0,"1721":0,"1722":0,"1723":0,"1724":0,"1727":0,"1728":0,"1729":0,"1731":0,"1732":0,"1733":0,"1734":0,"1735":0,"1742":1,"1743":0,"1744":0,"1745":0,"1746":0,"1747":0,"1751":1,"1752":0,"1753":0,"1755":0,"1756":0,"1758":0,"1762":0,"1763":0,"1766":0,"1769":1,"1773":0,"1774":0,"1775":0,"1776":0,"1777":0,"1780":0,"1787":1,"1793":0,"1794":0,"1795":0,"1796":0,"1797":0,"1801":0,"1804":1,"1808":0,"1810":0,"1812":0,"1815":1,"1816":0,"1819":1,"1820":0,"1823":1,"1824":0,"1825":0,"1829":1,"1834":0,"1835":0,"1839":1,"1846":0,"1847":0,"1848":0,"1849":0,"1850":0,"1856":0,"1863":1,"1869":0,"1870":0,"1871":0,"1872":0,"1873":0,"1878":1,"1879":0,"1880":0,"1881":0,"1883":0,"1889":0,"1890":0,"1892":0,"1894":0,"1897":0,"1898":0,"1899":0,"1900":0,"1904":0,"1905":0,"1906":0,"1907":0,"1908":0,"1911":0,"1915":0,"1916":0,"1917":0,"1919":0,"1921":0,"1922":0,"1923":0,"1926":0,"1927":0,"1928":0,"1935":0,"1936":0,"1937":0,"1938":0,"1939":0,"1941":0,"1946":1,"1950":0,"1951":0,"1959":1,"1960":0,"1967":1,"1968":0,"1969":0,"1970":0,"1971":0,"1972":0,"1979":1,"1980":1,"1981":0,"1983":0,"1985":0,"1987":0,"1988":0,"1991":0,"1992":0,"1993":0,"1994":0,"2000":1,"2001":1,"2002":1,"2004":1,"2005":0,"2008":1,"2009":0,"2011":0,"2012":0,"2013":0,"2014":0,"2015":0,"2016":0,"2020":1,"2021":0,"2023":0,"2024":0,"2025":0,"2026":0,"2027":0,"2028":0,"2032":1,"2033":0,"2034":0,"2035":0,"2039":1,"2040":0,"2043":1,"2046":1,"2047":0,"2048":0,"2049":0,"2051":0,"2057":1,"2058":1,"2059":0,"2061":0,"2062":0,"2064":0,"2067":1,"2068":1,"2069":1,"2073":1,"2074":0,"2076":0,"2077":0,"2078":0,"2080":0,"2081":0,"2086":1,"2087":0,"2088":0,"2089":0,"2093":1,"2094":0,"2095":0,"2096":0,"2100":1,"2101":0,"2104":1,"2105":0,"2106":0,"2107":0,"2111":1,"2112":0,"2115":1,"2118":1,"2119":0,"2120":0,"2121":0,"2124":0,"2128":1,"2129":0,"2130":0,"2131":0,"2133":0,"2134":0,"2137":1,"2140":0,"2141":0,"2142":0,"2145":1,"2146":0,"2149":1,"2150":0,"2151":0,"2159":1,"2160":1,"2161":0,"2162":0,"2163":0,"2166":1,"2167":1,"2168":1,"2170":1,"2171":0,"2173":0,"2174":0,"2175":0,"2176":0,"2180":1,"2181":0,"2183":0,"2184":0,"2185":0,"2189":1,"2190":0,"2192":0,"2193":0,"2194":0,"2196":0,"2197":0,"2198":0,"2199":0,"2203":1,"2204":0,"2205":0,"2208":1,"2212":1,"2217":1,"2218":0,"2220":0,"2221":0,"2222":0,"2223":0,"2224":0,"2225":0,"2227":0,"2228":0,"2229":0,"2230":0,"2232":0,"2233":0,"2235":0,"2237":0,"2239":0,"2240":0,"2242":0,"2243":0,"2245":0,"2246":0,"2248":0,"2249":0,"2254":1,"2256":1,"2261":0,"2264":1,"2265":0,"2268":1,"2269":0,"2271":0,"2277":0,"2280":0,"2281":0,"2284":0,"2286":0,"2288":0,"2289":0,"2290":0,"2291":0,"2292":0,"2294":0,"2301":0,"2302":0,"2303":0,"2308":1,"2309":0,"2312":1,"2313":0,"2316":1,"2317":0,"2320":1,"2321":0,"2324":1,"2325":0,"2328":1,"2329":0,"2332":1,"2333":0,"2336":1,"2337":0,"2340":1,"2341":0,"2344":1,"2345":0,"2348":0,"2349":0,"2351":0,"2352":0,"2353":0,"2358":1,"2363":0,"2369":0,"2370":0,"2371":0,"2372":0,"2373":0,"2383":1,"2384":0,"2385":0,"2386":0,"2390":1,"2392":1,"2393":0,"2394":0,"2397":1,"2398":1,"2400":1,"2401":0,"2404":1}}}